#
# There is insufficient memory for the Java Runtime Environment to continue.
# Native memory allocation (malloc) failed to allocate 262160 bytes for Chunk::new
# Possible reasons:
#   The system is out of physical RAM or swap space
#   In 32 bit mode, the process size limit was hit
# Possible solutions:
#   Reduce memory load on the system
#   Increase physical memory or swap space
#   Check if swap backing store is full
#   Use 64 bit Java on a 64 bit OS
#   Decrease Java heap size (-Xmx/-Xms)
#   Decrease number of Java threads
#   Decrease Java thread stack sizes (-Xss)
#   Set larger code cache with -XX:ReservedCodeCacheSize=
# This output file may be truncated or incomplete.
#
#  Out of Memory Error (allocation.cpp:390), pid=47168, tid=0x000000000000b1d0
#
# JRE version: OpenJDK Runtime Environment (8.0_112-b06) (build 1.8.0_112-release-b06)
# Java VM: OpenJDK 64-Bit Server VM (25.112-b06 mixed mode windows-amd64 compressed oops)
# Failed to write core dump. Minidumps are not enabled by default on client versions of Windows
#

---------------  T H R E A D  ---------------

Current thread (0x0000000015145000):  JavaThread "C2 CompilerThread1" daemon [_thread_in_native, id=45520, stack(0x0000000016710000,0x0000000016810000)]

Stack: [0x0000000016710000,0x0000000016810000]
[error occurred during error reporting (printing stack bounds), id 0xc0000005]

Native frames: (J=compiled Java code, j=interpreted, Vv=VM code, C=native code)


Current CompileTask:
C2:   3818 1154       4       com.android.dx.ssa.SCCP::simulateStmt (481 bytes)


---------------  P R O C E S S  ---------------

Java Threads: ( => current thread )
  0x0000000016c8f800 JavaThread "pool-1-thread-4" [_thread_in_Java, id=55892, stack(0x0000000017310000,0x0000000017410000)]
  0x0000000016c8d800 JavaThread "pool-1-thread-3" [_thread_in_Java, id=55552, stack(0x0000000017210000,0x0000000017310000)]
  0x0000000016ba0800 JavaThread "pool-1-thread-2" [_thread_in_Java, id=55988, stack(0x0000000017110000,0x0000000017210000)]
  0x0000000016c89000 JavaThread "pool-2-thread-1" [_thread_blocked, id=55236, stack(0x0000000017010000,0x0000000017110000)]
  0x0000000016b77800 JavaThread "pool-1-thread-1" [_thread_in_Java, id=49588, stack(0x0000000016f10000,0x0000000017010000)]
  0x0000000016914800 JavaThread "Service Thread" daemon [_thread_blocked, id=50036, stack(0x0000000016d10000,0x0000000016e10000)]
  0x000000001514a000 JavaThread "C1 CompilerThread2" daemon [_thread_blocked, id=55516, stack(0x0000000016810000,0x0000000016910000)]
=>0x0000000015145000 JavaThread "C2 CompilerThread1" daemon [_thread_in_native, id=45520, stack(0x0000000016710000,0x0000000016810000)]
  0x00000000150ec800 JavaThread "C2 CompilerThread0" daemon [_thread_in_native, id=51096, stack(0x0000000016610000,0x0000000016710000)]
  0x00000000150ea000 JavaThread "Attach Listener" daemon [_thread_blocked, id=50812, stack(0x0000000016510000,0x0000000016610000)]
  0x00000000150e9000 JavaThread "Signal Dispatcher" daemon [_thread_blocked, id=55328, stack(0x0000000016410000,0x0000000016510000)]
  0x00000000014fb800 JavaThread "Finalizer" daemon [_thread_blocked, id=52940, stack(0x0000000016230000,0x0000000016330000)]
  0x00000000150b7000 JavaThread "Reference Handler" daemon [_thread_blocked, id=55164, stack(0x0000000016130000,0x0000000016230000)]
  0x00000000012ae000 JavaThread "main" [_thread_in_vm, id=52640, stack(0x0000000001300000,0x0000000001400000)]

Other Threads:
  0x00000000150b5800 VMThread [stack: 0x0000000016030000,0x0000000016130000] [id=54864]
  0x0000000016915800 WatcherThread [stack: 0x0000000016e10000,0x0000000016f10000] [id=55580]

VM state:not at safepoint (normal execution)

VM Mutex/Monitor currently owned by a thread: None

Heap:
 PSYoungGen      total 38400K, used 30934K [0x00000000eab00000, 0x00000000ed580000, 0x0000000100000000)
  eden space 33280K, 92% used [0x00000000eab00000,0x00000000ec935928,0x00000000ecb80000)
  from space 5120K, 0% used [0x00000000ed080000,0x00000000ed080000,0x00000000ed580000)
  to   space 5120K, 0% used [0x00000000ecb80000,0x00000000ecb80000,0x00000000ed080000)
 ParOldGen       total 87552K, used 0K [0x00000000c0000000, 0x00000000c5580000, 0x00000000eab00000)
  object space 87552K, 0% used [0x00000000c0000000,0x00000000c0000000,0x00000000c5580000)
 Metaspace       used 5970K, capacity 6896K, committed 7040K, reserved 1056768K
  class space    used 590K, capacity 616K, committed 640K, reserved 1048576K

Card table byte_map: [0x00000000018c0000,0x0000000001ad0000] byte_map_base: 0x00000000012c0000

Marking Bits: (ParMarkBitMap*) 0x00000000593a18f0
 Begin Bits: [0x0000000012550000, 0x0000000013550000)
 End Bits:   [0x0000000013550000, 0x0000000014550000)

Polling page: 0x0000000000e80000

CodeCache: size=245760Kb used=5120Kb max_used=5120Kb free=240639Kb
 bounds [0x0000000003550000, 0x0000000003a60000, 0x0000000012550000]
 total_blobs=1482 nmethods=1214 adapters=182
 compilation: enabled

Compilation events (10 events):
Event: 3.748 Thread 0x000000001514a000 nmethod 1188 0x0000000003a12ad0 code [0x0000000003a12ca0, 0x0000000003a13708]
Event: 3.748 Thread 0x000000001514a000 1189       3       java.util.HashMap$HashIterator::hasNext (13 bytes)
Event: 3.749 Thread 0x000000001514a000 nmethod 1189 0x00000000039f5c10 code [0x00000000039f5d60, 0x00000000039f5f10]
Event: 3.749 Thread 0x000000001514a000 1192       3       com.android.dx.cf.code.BaseMachine::popArgs (127 bytes)
Event: 3.752 Thread 0x000000001514a000 nmethod 1192 0x0000000003a1a1d0 code [0x0000000003a1a4e0, 0x0000000003a1be28]
Event: 3.752 Thread 0x000000001514a000 1193       3       com.android.dx.ssa.SsaMethod::forEachBlockDepthFirstDom (128 bytes)
Event: 3.755 Thread 0x000000001514a000 nmethod 1193 0x0000000003a1ca50 code [0x0000000003a1cda0, 0x0000000003a1eed8]
Event: 3.755 Thread 0x000000001514a000 1194       1       com.android.dx.cf.iface.StdMember::getDefiningClass (5 bytes)
Event: 3.755 Thread 0x000000001514a000 nmethod 1194 0x00000000039dfb90 code [0x00000000039dfce0, 0x00000000039dfdf0]
Event: 3.755 Thread 0x000000001514a000 1195   !   3       com.android.dx.cf.code.BytecodeArray::parseInstruction (2764 bytes)

GC Heap History (0 events):
No events

Deoptimization events (10 events):
Event: 2.666 Thread 0x0000000016b77800 Uncommon trap: reason=unstable_if action=reinterpret pc=0x00000000037ae65c method=com.android.dx.ssa.SsaInsn.getLocalAssignment()Lcom/android/dx/rop/code/RegisterSpec; @ 14
Event: 2.675 Thread 0x00000000012ae000 Uncommon trap: reason=class_check action=maybe_recompile pc=0x00000000037f4130 method=com.android.dx.ssa.NormalSsaInsn.accept(Lcom/android/dx/ssa/SsaInsn$Visitor;)V @ 9
Event: 2.675 Thread 0x00000000012ae000 Uncommon trap: reason=class_check action=maybe_recompile pc=0x00000000037f4130 method=com.android.dx.ssa.NormalSsaInsn.accept(Lcom/android/dx/ssa/SsaInsn$Visitor;)V @ 9
Event: 2.675 Thread 0x00000000012ae000 Uncommon trap: reason=class_check action=maybe_recompile pc=0x00000000037f4130 method=com.android.dx.ssa.NormalSsaInsn.accept(Lcom/android/dx/ssa/SsaInsn$Visitor;)V @ 9
Event: 2.676 Thread 0x00000000012ae000 Uncommon trap: reason=class_check action=maybe_recompile pc=0x00000000037f4130 method=com.android.dx.ssa.NormalSsaInsn.accept(Lcom/android/dx/ssa/SsaInsn$Visitor;)V @ 9
Event: 2.676 Thread 0x00000000012ae000 Uncommon trap: reason=class_check action=maybe_recompile pc=0x00000000037b7eb0 method=com.android.dx.ssa.NormalSsaInsn.accept(Lcom/android/dx/ssa/SsaInsn$Visitor;)V @ 9
Event: 3.377 Thread 0x0000000016c8d800 Uncommon trap: reason=unstable_if action=reinterpret pc=0x00000000038b7634 method=java.util.HashMap.putVal(ILjava/lang/Object;Ljava/lang/Object;ZZ)Ljava/lang/Object; @ 162
Event: 3.384 Thread 0x0000000016c8d800 Uncommon trap: reason=unstable_if action=reinterpret pc=0x0000000003843a44 method=java.util.HashMap.getNode(ILjava/lang/Object;)Ljava/util/HashMap$Node; @ 84
Event: 3.384 Thread 0x0000000016c8d800 Uncommon trap: reason=unstable_if action=reinterpret pc=0x000000000383a098 method=java.util.HashMap.getNode(ILjava/lang/Object;)Ljava/util/HashMap$Node; @ 84
Event: 3.749 Thread 0x0000000016c8d800 Uncommon trap: reason=unstable_if action=reinterpret pc=0x0000000003a01c60 method=com.android.dx.cf.code.BytecodeArray.parseInstruction(ILcom/android/dx/cf/code/BytecodeArray$Visitor;)I @ 1198

Internal exceptions (5 events):
Event: 0.224 Thread 0x00000000012ae000 Exception <a 'java/lang/NoSuchMethodError': Method sun.misc.Unsafe.defineClass(Ljava/lang/String;[BII)Ljava/lang/Class; name or signature does not match> (0x00000000eab07c78) thrown at [C:\src\android\AOSP-openjdk\external\jetbrains\jdk\hotspot\src\share\v{þþþ¦Ì?
Event: 0.224 Thread 0x00000000012ae000 Exception <a 'java/lang/NoSuchMethodError': Method sun.misc.Unsafe.prefetchRead(Ljava/lang/Object;J)V name or signature does not match> (0x00000000eab07f60) thrown at [C:\src\android\AOSP-openjdk\external\jetbrains\jdk\hotspot\src\share\vm\prims\jni.cpp, l¤Œ_‡M@
Event: 3.381 Thread 0x0000000016c8d800 Exception <a 'java/lang/ArrayIndexOutOfBoundsException': 18> (0x00000000ec121f70) thrown at [C:\src\android\AOSP-openjdk\external\jetbrains\jdk\hotspot\src\share\vm\interpreter\interpreterRuntime.cpp, line 366]
Event: 3.381 Thread 0x0000000016c8d800 Exception <a 'java/lang/ArrayIndexOutOfBoundsException': 145> (0x00000000ec123af0) thrown at [C:\src\android\AOSP-openjdk\external\jetbrains\jdk\hotspot\src\share\vm\interpreter\interpreterRuntime.cpp, line 366]
Event: 3.383 Thread 0x0000000016c8d800 Exception <a 'java/lang/ArrayIndexOutOfBoundsException': 40> (0x00000000ec124dd8) thrown at [C:\src\android\AOSP-openjdk\external\jetbrains\jdk\hotspot\src\share\vm\interpreter\interpreterRuntime.cpp, line 366]

Events (10 events):
Event: 3.383 loading class sun/reflect/generics/reflectiveObjects/TypeVariableImpl done
Event: 3.384 Thread 0x0000000016c8d800 Uncommon trap: trap_request=0xffffff65 fr.pc=0x0000000003843a44
Event: 3.384 Thread 0x0000000016c8d800 DEOPT PACKING pc=0x0000000003843a44 sp=0x000000001730e0c0
Event: 3.384 Thread 0x0000000016c8d800 DEOPT UNPACKING pc=0x000000000359556a sp=0x000000001730dfe0 mode 2
Event: 3.384 Thread 0x0000000016c8d800 Uncommon trap: trap_request=0xffffff65 fr.pc=0x000000000383a098
Event: 3.384 Thread 0x0000000016c8d800 DEOPT PACKING pc=0x000000000383a098 sp=0x000000001730e1f0
Event: 3.384 Thread 0x0000000016c8d800 DEOPT UNPACKING pc=0x000000000359556a sp=0x000000001730e180 mode 2
Event: 3.749 Thread 0x0000000016c8d800 Uncommon trap: trap_request=0xffffff65 fr.pc=0x0000000003a01c60
Event: 3.749 Thread 0x0000000016c8d800 DEOPT PACKING pc=0x0000000003a01c60 sp=0x000000001730ec10
Event: 3.749 Thread 0x0000000016c8d800 DEOPT UNPACKING pc=0x000000000359556a sp=0x000000001730eba8 mode 2


Dynamic libraries:
0x00007ff69e6c0000 - 0x00007ff69e6f1000 	C:\Program Files\Android\Android Studio\jre\bin\java.exe
0x00007fff9d3d0000 - 0x00007fff9d57d000 	C:\Windows\SYSTEM32\ntdll.dll
0x00007fff9b2f0000 - 0x00007fff9b42e000 	C:\Windows\system32\KERNEL32.DLL
0x00007fff9a8b0000 - 0x00007fff9a9c5000 	C:\Windows\system32\KERNELBASE.dll
0x00007fff9cdc0000 - 0x00007fff9ce6a000 	C:\Windows\system32\ADVAPI32.dll
0x00007fff9cf30000 - 0x00007fff9d0a7000 	C:\Windows\system32\USER32.dll
0x00007fff98940000 - 0x00007fff98bba000 	C:\Windows\WinSxS\amd64_microsoft.windows.common-controls_6595b64144ccf1df_6.0.9600.17810_none_6240b9c7ecbd0bda\COMCTL32.dll
0x00007fff9d320000 - 0x00007fff9d3ca000 	C:\Windows\system32\msvcrt.dll
0x00007fff9b430000 - 0x00007fff9b489000 	C:\Windows\SYSTEM32\sechost.dll
0x00007fff9ad90000 - 0x00007fff9aed0000 	C:\Windows\system32\RPCRT4.dll
0x00007fff9ac40000 - 0x00007fff9ad8f000 	C:\Windows\system32\GDI32.dll
0x00007fff9aa20000 - 0x00007fff9aa4e000 	C:\Windows\system32\SspiCli.dll
0x00007fff9cd80000 - 0x00007fff9cdb6000 	C:\Windows\system32\IMM32.DLL
0x00007fff9afb0000 - 0x00007fff9b102000 	C:\Windows\system32\MSCTF.dll
0x000000005afb0000 - 0x000000005b01c000 	c:\program files (x86)\f-secure\hips\fshook64.dll
0x00007fff9aa50000 - 0x00007fff9aa57000 	C:\Windows\system32\PSAPI.DLL
0x0000000058840000 - 0x0000000058912000 	C:\Program Files\Android\Android Studio\jre\jre\bin\msvcr100.dll
0x0000000058be0000 - 0x000000005941c000 	C:\Program Files\Android\Android Studio\jre\jre\bin\server\jvm.dll
0x00007fff91f20000 - 0x00007fff91f29000 	C:\Windows\SYSTEM32\WSOCK32.dll
0x00007fff983b0000 - 0x00007fff983d2000 	C:\Windows\SYSTEM32\WINMM.dll
0x00007fff983e0000 - 0x00007fff983ea000 	C:\Windows\SYSTEM32\VERSION.dll
0x00007fff9ced0000 - 0x00007fff9cf2a000 	C:\Windows\system32\WS2_32.dll
0x00007fff97fe0000 - 0x00007fff9800a000 	C:\Windows\SYSTEM32\WINMMBASE.dll
0x00007fff9b490000 - 0x00007fff9b499000 	C:\Windows\system32\NSI.dll
0x00007fff9a9d0000 - 0x00007fff9aa1f000 	C:\Windows\SYSTEM32\cfgmgr32.dll
0x00007fff99320000 - 0x00007fff99348000 	C:\Windows\SYSTEM32\DEVOBJ.dll
0x00007fff8f460000 - 0x00007fff8f46f000 	C:\Program Files\Android\Android Studio\jre\jre\bin\verify.dll
0x00007fff87650000 - 0x00007fff87679000 	C:\Program Files\Android\Android Studio\jre\jre\bin\java.dll
0x00007fff8b9a0000 - 0x00007fff8b9b6000 	C:\Program Files\Android\Android Studio\jre\jre\bin\zip.dll
0x00007fff9b850000 - 0x00007fff9cd78000 	C:\Windows\system32\SHELL32.dll
0x00007fff9b4a0000 - 0x00007fff9b6b1000 	C:\Windows\SYSTEM32\combase.dll
0x00007fff9b6c0000 - 0x00007fff9b714000 	C:\Windows\system32\SHLWAPI.dll
0x00007fff99070000 - 0x00007fff99122000 	C:\Windows\SYSTEM32\SHCORE.dll
0x00007fff9a4f0000 - 0x00007fff9a505000 	C:\Windows\SYSTEM32\profapi.dll

VM Arguments:
jvm_args: -Djava.awt.headless=true -Xmx1024M -Dfile.encoding=windows-1252 -Duser.country=US -Duser.language=en -Duser.variant 
java_command: com.android.dx.command.Main --dex --num-threads=4 --output C:\Users\100487239\Desktop\INA-master\app\build\intermediates\pre-dexed\debug\MPAndroidChart-v3.0.0-beta1_2eae9fc56941fc27fc01d02a8e29ad55a5a872b1.jar C:\Users\100487239\.gradle\caches\modules-2\files-2.1\com.github.PhilJay\MPAndroidChart\v3.0.0-beta1\54d65d51b5ebec588a19b2384efb6395b5bf5b18\MPAndroidChart-v3.0.0-beta1.jar
java_class_path (initial): C:\Users\100487239\AppData\Local\Android\sdk\build-tools\24.0.2\lib\dx.jar
Launcher Type: SUN_STANDARD

Environment Variables:
CLASSPATH=C:\Antlr\antlr-4.5.2-complete.jar
PATH=C:\Windows\system32;C:\Windows;C:\Windows\System32\Wbem;C:\Windows\System32\WindowsPowerShell\v1.0\;C:\Program Files (x86)\QuickTime\QTSystem\;c:\Program Files (x86)\Microsoft SQL Server\100\Tools\Binn\;c:\Program Files\Microsoft SQL Server\100\Tools\Binn\;c:\Program Files\Microsoft SQL Server\100\DTS\Binn\;C:\Program Files (x86)\Windows Kits\8.1\Windows Performance Toolkit\;C:\Program Files\Microsoft SQL Server\110\Tools\Binn\;C:\Program Files\Java\jdk1.8.0_45\bin;C:\Program Files\Microsoft\Web Platform Installer\;C:\Antlr;C:\MinGW\bin;C:\MinGW\lib;C:\MinGW\include;C:\Program Files\Git\cmd;C:\Program Files\nodejs\;C:\Program Files (x86)\Apache Software Foundation\PHP;C:\ProgramData\ComposerSetup\bin;C:\Program Files\MATLAB\R2016a\runtime\win64;C:\Program Files\MATLAB\R2016a\bin;C:\Program Files (x86)\Skype\Phone\;C:\MinGW\bin;C:\MinGW\include;C:\Program Files\Heroku\bin;C:\Users\100487239\AppData\Local\atom\bin;C:\Users\100487239\AppData\Roaming\npm;C:\Users\100487239\AppData\Roaming\Composer\vendor\bin;C:\Users\100487239\AppData\Local\Google\Cloud SDK\google-cloud-sdk\bin
USERNAME=100487239
OS=Windows_NT
PROCESSOR_IDENTIFIER=Intel64 Family 6 Model 61 Stepping 4, GenuineIntel



---------------  S Y S T E M  ---------------

OS: Windows 8.1 , 64 bit Build 9600 (6.3.9600.17415)

CPU:total 4 (2 cores per cpu, 2 threads per core) family 6 model 61 stepping 4, cmov, cx8, fxsr, mmx, sse, sse2, sse3, ssse3, sse4.1, sse4.2, popcnt, avx, avx2, aes, clmul, erms, rtm, 3dnowpref, lzcnt, ht, tsc, tscinvbit, bmi1, bmi2, adx

Memory: 4k page, physical 8274232k(1047640k free), swap 11419960k(5128k free)

vm_info: OpenJDK 64-Bit Server VM (25.112-b06) for windows-amd64 JRE (1.8.0_112-release-b06), built on Dec  8 2016 00:54:26 by "builder" with MS VC++ 10.0 (VS2010)

time: Mon Apr 03 01:26:02 2017
elapsed time: 3 seconds (0d 0h 0m 3s)

