#
# There is insufficient memory for the Java Runtime Environment to continue.
# Native memory allocation (malloc) failed to allocate 16384 bytes for AllocateHeap
# Possible reasons:
#   The system is out of physical RAM or swap space
#   In 32 bit mode, the process size limit was hit
# Possible solutions:
#   Reduce memory load on the system
#   Increase physical memory or swap space
#   Check if swap backing store is full
#   Use 64 bit Java on a 64 bit OS
#   Decrease Java heap size (-Xmx/-Xms)
#   Decrease number of Java threads
#   Decrease Java thread stack sizes (-Xss)
#   Set larger code cache with -XX:ReservedCodeCacheSize=
# This output file may be truncated or incomplete.
#
#  Out of Memory Error (memory/allocation.inline.hpp:61), pid=55340, tid=0x000000000000d698
#
# JRE version: OpenJDK Runtime Environment (8.0_112-b06) (build 1.8.0_112-release-b06)
# Java VM: OpenJDK 64-Bit Server VM (25.112-b06 mixed mode windows-amd64 compressed oops)
# Failed to write core dump. Minidumps are not enabled by default on client versions of Windows
#

---------------  T H R E A D  ---------------

Current thread (0x0000000001fee000):  JavaThread "main" [_thread_in_vm, id=54936, stack(0x0000000001e80000,0x0000000001f80000)]

Stack: [0x0000000001e80000,0x0000000001f80000]
[error occurred during error reporting (printing stack bounds), id 0xc0000005]

Native frames: (J=compiled Java code, j=interpreted, Vv=VM code, C=native code)

Java frames: (J=compiled Java code, j=interpreted, Vv=VM code)
v  ~RuntimeStub::handle_exception_from_callee Runtime1 stub
J 202 C1 java.net.URLClassLoader.findClass(Ljava/lang/String;)Ljava/lang/Class; (47 bytes) @ 0x0000000002f16104 [0x0000000002f15f80+0x184]
J 135 C1 java.lang.ClassLoader.loadClass(Ljava/lang/String;Z)Ljava/lang/Class; (122 bytes) @ 0x0000000002eee0ec [0x0000000002eed780+0x96c]
j  sun.misc.Launcher$AppClassLoader.loadClass(Ljava/lang/String;Z)Ljava/lang/Class;+81
j  java.lang.ClassLoader.loadClass(Ljava/lang/String;)Ljava/lang/Class;+3
v  ~StubRoutines::call_stub
j  com.android.dx.command.dexer.Main.mergeLibraryDexBuffers([B)[B+13
j  com.android.dx.command.dexer.Main.runMonoDex()I+132
j  com.android.dx.command.dexer.Main.run(Lcom/android/dx/command/dexer/Main$Arguments;)I+76
j  com.android.dx.command.dexer.Main.main([Ljava/lang/String;)V+14
j  com.android.dx.command.Main.main([Ljava/lang/String;)V+61
v  ~StubRoutines::call_stub

---------------  P R O C E S S  ---------------

Java Threads: ( => current thread )
  0x000000001499e000 JavaThread "Service Thread" daemon [_thread_blocked, id=38640, stack(0x0000000016560000,0x0000000016660000)]
  0x000000001499a000 JavaThread "C1 CompilerThread2" daemon [_thread_blocked, id=55068, stack(0x0000000016060000,0x0000000016160000)]
  0x0000000014995800 JavaThread "C2 CompilerThread1" daemon [_thread_blocked, id=54100, stack(0x0000000015f60000,0x0000000016060000)]
  0x000000001493c800 JavaThread "C2 CompilerThread0" daemon [_thread_blocked, id=40000, stack(0x0000000015e60000,0x0000000015f60000)]
  0x000000001493a800 JavaThread "Attach Listener" daemon [_thread_blocked, id=48096, stack(0x0000000015d60000,0x0000000015e60000)]
  0x0000000014939000 JavaThread "Signal Dispatcher" daemon [_thread_blocked, id=48720, stack(0x0000000015c60000,0x0000000015d60000)]
  0x0000000002136800 JavaThread "Finalizer" daemon [_thread_blocked, id=56192, stack(0x0000000015a80000,0x0000000015b80000)]
  0x0000000002131000 JavaThread "Reference Handler" daemon [_thread_blocked, id=55768, stack(0x0000000015980000,0x0000000015a80000)]
=>0x0000000001fee000 JavaThread "main" [_thread_in_vm, id=54936, stack(0x0000000001e80000,0x0000000001f80000)]

Other Threads:
  0x0000000014906800 VMThread [stack: 0x0000000015880000,0x0000000015980000] [id=50440]
  0x0000000016160800 WatcherThread [stack: 0x0000000016660000,0x0000000016760000] [id=53856]

VM state:not at safepoint (normal execution)

VM Mutex/Monitor currently owned by a thread:  ([mutex/lock_event])
[0x0000000001fec580] SystemDictionary_lock - owner thread: 0x0000000001fee000
[0x0000000002040d50] Compile_lock - owner thread: 0x0000000001fee000

Heap:
 PSYoungGen      total 38400K, used 8686K [0x00000000eab00000, 0x00000000ed580000, 0x0000000100000000)
  eden space 33280K, 26% used [0x00000000eab00000,0x00000000eb37b9e8,0x00000000ecb80000)
  from space 5120K, 0% used [0x00000000ed080000,0x00000000ed080000,0x00000000ed580000)
  to   space 5120K, 0% used [0x00000000ecb80000,0x00000000ecb80000,0x00000000ed080000)
 ParOldGen       total 87552K, used 0K [0x00000000c0000000, 0x00000000c5580000, 0x00000000eab00000)
  object space 87552K, 0% used [0x00000000c0000000,0x00000000c0000000,0x00000000c5580000)
 Metaspace       used 4484K, capacity 5364K, committed 5632K, reserved 1056768K
  class space    used 485K, capacity 492K, committed 512K, reserved 1048576K

Card table byte_map: [0x0000000002500000,0x0000000002710000] byte_map_base: 0x0000000001f00000

Marking Bits: (ParMarkBitMap*) 0x00000000593a18f0
 Begin Bits: [0x0000000011da0000, 0x0000000012da0000)
 End Bits:   [0x0000000012da0000, 0x0000000013da0000)

Polling page: 0x0000000001f80000

CodeCache: size=245760Kb used=1933Kb max_used=1939Kb free=243826Kb
 bounds [0x0000000002da0000, 0x0000000003010000, 0x0000000011da0000]
 total_blobs=644 nmethods=382 adapters=176
 compilation: enabled

Compilation events (10 events):
Event: 3.831 Thread 0x000000001499a000  373       1       sun.util.locale.BaseLocale::getLanguage (5 bytes)
Event: 3.831 Thread 0x000000001499a000 nmethod 373 0x0000000002f825d0 code [0x0000000002f82720, 0x0000000002f82830]
Event: 3.832 Thread 0x000000001499a000  378       1       java.util.HashMap$Node::getValue (5 bytes)
Event: 3.832 Thread 0x000000001499a000 nmethod 378 0x0000000002f82310 code [0x0000000002f82460, 0x0000000002f82570]
Event: 3.833 Thread 0x000000001499a000  380       3       java.lang.Integer::reverseBytes (26 bytes)
Event: 3.833 Thread 0x000000001499a000 nmethod 380 0x0000000002f81c50 code [0x0000000002f81da0, 0x0000000002f81ef0]
Event: 3.835 Thread 0x0000000014995800  381       4       java.lang.Integer::reverseBytes (26 bytes)
Event: 3.835 Thread 0x0000000014995800 nmethod 381 0x0000000002f80550 code [0x0000000002f80680, 0x0000000002f806f8]
Event: 3.844 Thread 0x000000001499a000  382       3       sun.security.provider.SHA::implCompress (491 bytes)
Event: 3.846 Thread 0x000000001499a000 nmethod 382 0x0000000002f80910 code [0x0000000002f80b00, 0x0000000002f813e8]

GC Heap History (0 events):
No events

Deoptimization events (1 events):
Event: 3.826 Thread 0x0000000001fee000 Uncommon trap: reason=unstable_if action=reinterpret pc=0x0000000002ef4fd4 method=java.lang.String.indexOf(II)I @ 49

Internal exceptions (4 events):
Event: 0.224 Thread 0x0000000001fee000 Exception <a 'java/lang/NoSuchMethodError': Method sun.misc.Unsafe.defineClass(Ljava/lang/String;[BII)Ljava/lang/Class; name or signature does not match> (0x00000000eab07c78) thrown at [C:\src\android\AOSP-openjdk\external\jetbrains\jdk\hotspot\src\share\vãCdî¼Ì?
Event: 0.225 Thread 0x0000000001fee000 Exception <a 'java/lang/NoSuchMethodError': Method sun.misc.Unsafe.prefetchRead(Ljava/lang/Object;J)V name or signature does not match> (0x00000000eab07f60) thrown at [C:\src\android\AOSP-openjdk\external\jetbrains\jdk\hotspot\src\share\vm\prims\jni.cpp, lþ@xÂÓÄ@
Event: 3.846 Thread 0x0000000001fee000 Exception <a 'java/lang/OutOfMemoryError'> (0x00000000eb35adf0) thrown at [C:\src\android\AOSP-openjdk\external\jetbrains\jdk\hotspot\src\share\vm\prims\jni.cpp, line 735]
Event: 3.846 Thread 0x0000000001fee000 Exception <a 'java/lang/OutOfMemoryError'> (0x00000000eb35adf0) thrown at [C:\src\android\AOSP-openjdk\external\jetbrains\jdk\hotspot\src\share\vm\prims\jvm.cpp, line 1394]

Events (10 events):
Event: 3.832 loading class java/security/MessageDigest$Delegate
Event: 3.832 loading class java/security/MessageDigest$Delegate done
Event: 3.832 loading class sun/security/provider/ByteArrayAccess
Event: 3.832 loading class sun/security/provider/ByteArrayAccess done
Event: 3.845 loading class java/util/zip/Adler32
Event: 3.845 loading class java/util/zip/Adler32 done
Event: 3.845 loading class com/android/dex/Dex
Event: 3.845 loading class com/android/dex/Dex done
Event: 3.846 loading class java/security/PrivilegedActionException
Event: 3.846 loading class java/security/PrivilegedActionException done


Dynamic libraries:
0x00007ff69e6c0000 - 0x00007ff69e6f1000 	C:\Program Files\Android\Android Studio\jre\bin\java.exe
0x00007fff9d3d0000 - 0x00007fff9d57d000 	C:\Windows\SYSTEM32\ntdll.dll
0x00007fff9b2f0000 - 0x00007fff9b42e000 	C:\Windows\system32\KERNEL32.DLL
0x00007fff9a8b0000 - 0x00007fff9a9c5000 	C:\Windows\system32\KERNELBASE.dll
0x00007fff9cdc0000 - 0x00007fff9ce6a000 	C:\Windows\system32\ADVAPI32.dll
0x00007fff9cf30000 - 0x00007fff9d0a7000 	C:\Windows\system32\USER32.dll
0x00007fff98940000 - 0x00007fff98bba000 	C:\Windows\WinSxS\amd64_microsoft.windows.common-controls_6595b64144ccf1df_6.0.9600.17810_none_6240b9c7ecbd0bda\COMCTL32.dll
0x00007fff9d320000 - 0x00007fff9d3ca000 	C:\Windows\system32\msvcrt.dll
0x00007fff9b430000 - 0x00007fff9b489000 	C:\Windows\SYSTEM32\sechost.dll
0x00007fff9ad90000 - 0x00007fff9aed0000 	C:\Windows\system32\RPCRT4.dll
0x00007fff9ac40000 - 0x00007fff9ad8f000 	C:\Windows\system32\GDI32.dll
0x00007fff9aa20000 - 0x00007fff9aa4e000 	C:\Windows\system32\SspiCli.dll
0x00007fff9cd80000 - 0x00007fff9cdb6000 	C:\Windows\system32\IMM32.DLL
0x00007fff9afb0000 - 0x00007fff9b102000 	C:\Windows\system32\MSCTF.dll
0x000000005afb0000 - 0x000000005b01c000 	c:\program files (x86)\f-secure\hips\fshook64.dll
0x00007fff9aa50000 - 0x00007fff9aa57000 	C:\Windows\system32\PSAPI.DLL
0x0000000058840000 - 0x0000000058912000 	C:\Program Files\Android\Android Studio\jre\jre\bin\msvcr100.dll
0x0000000058be0000 - 0x000000005941c000 	C:\Program Files\Android\Android Studio\jre\jre\bin\server\jvm.dll
0x00007fff91f20000 - 0x00007fff91f29000 	C:\Windows\SYSTEM32\WSOCK32.dll
0x00007fff983b0000 - 0x00007fff983d2000 	C:\Windows\SYSTEM32\WINMM.dll
0x00007fff983e0000 - 0x00007fff983ea000 	C:\Windows\SYSTEM32\VERSION.dll
0x00007fff9ced0000 - 0x00007fff9cf2a000 	C:\Windows\system32\WS2_32.dll
0x00007fff97fe0000 - 0x00007fff9800a000 	C:\Windows\SYSTEM32\WINMMBASE.dll
0x00007fff9b490000 - 0x00007fff9b499000 	C:\Windows\system32\NSI.dll
0x00007fff9a9d0000 - 0x00007fff9aa1f000 	C:\Windows\SYSTEM32\cfgmgr32.dll
0x00007fff99320000 - 0x00007fff99348000 	C:\Windows\SYSTEM32\DEVOBJ.dll
0x00007fff8f460000 - 0x00007fff8f46f000 	C:\Program Files\Android\Android Studio\jre\jre\bin\verify.dll
0x00007fff87650000 - 0x00007fff87679000 	C:\Program Files\Android\Android Studio\jre\jre\bin\java.dll
0x00007fff8b9a0000 - 0x00007fff8b9b6000 	C:\Program Files\Android\Android Studio\jre\jre\bin\zip.dll
0x00007fff9b850000 - 0x00007fff9cd78000 	C:\Windows\system32\SHELL32.dll
0x00007fff9b4a0000 - 0x00007fff9b6b1000 	C:\Windows\SYSTEM32\combase.dll
0x00007fff9b6c0000 - 0x00007fff9b714000 	C:\Windows\system32\SHLWAPI.dll
0x00007fff99070000 - 0x00007fff99122000 	C:\Windows\SYSTEM32\SHCORE.dll
0x00007fff9a4f0000 - 0x00007fff9a505000 	C:\Windows\SYSTEM32\profapi.dll

VM Arguments:
jvm_args: -Djava.awt.headless=true -Xmx1024M -Dfile.encoding=windows-1252 -Duser.country=US -Duser.language=en -Duser.variant 
java_command: com.android.dx.command.Main --dex --num-threads=4 --output C:\Users\100487239\Desktop\INA-master\app\build\intermediates\pre-dexed\debug\support-annotations-24.2.1_1da8abf78ca92bca631e026c5259e4f2d2fd1456.jar C:\Users\100487239\AppData\Local\Android\sdk\extras\android\m2repository\com\android\support\support-annotations\24.2.1\support-annotations-24.2.1.jar
java_class_path (initial): C:\Users\100487239\AppData\Local\Android\sdk\build-tools\24.0.2\lib\dx.jar
Launcher Type: SUN_STANDARD

Environment Variables:
CLASSPATH=C:\Antlr\antlr-4.5.2-complete.jar
PATH=C:\Windows\system32;C:\Windows;C:\Windows\System32\Wbem;C:\Windows\System32\WindowsPowerShell\v1.0\;C:\Program Files (x86)\QuickTime\QTSystem\;c:\Program Files (x86)\Microsoft SQL Server\100\Tools\Binn\;c:\Program Files\Microsoft SQL Server\100\Tools\Binn\;c:\Program Files\Microsoft SQL Server\100\DTS\Binn\;C:\Program Files (x86)\Windows Kits\8.1\Windows Performance Toolkit\;C:\Program Files\Microsoft SQL Server\110\Tools\Binn\;C:\Program Files\Java\jdk1.8.0_45\bin;C:\Program Files\Microsoft\Web Platform Installer\;C:\Antlr;C:\MinGW\bin;C:\MinGW\lib;C:\MinGW\include;C:\Program Files\Git\cmd;C:\Program Files\nodejs\;C:\Program Files (x86)\Apache Software Foundation\PHP;C:\ProgramData\ComposerSetup\bin;C:\Program Files\MATLAB\R2016a\runtime\win64;C:\Program Files\MATLAB\R2016a\bin;C:\Program Files (x86)\Skype\Phone\;C:\MinGW\bin;C:\MinGW\include;C:\Program Files\Heroku\bin;C:\Users\100487239\AppData\Local\atom\bin;C:\Users\100487239\AppData\Roaming\npm;C:\Users\100487239\AppData\Roaming\Composer\vendor\bin;C:\Users\100487239\AppData\Local\Google\Cloud SDK\google-cloud-sdk\bin
USERNAME=100487239
OS=Windows_NT
PROCESSOR_IDENTIFIER=Intel64 Family 6 Model 61 Stepping 4, GenuineIntel



---------------  S Y S T E M  ---------------

OS: Windows 8.1 , 64 bit Build 9600 (6.3.9600.17415)

CPU:total 4 (2 cores per cpu, 2 threads per core) family 6 model 61 stepping 4, cmov, cx8, fxsr, mmx, sse, sse2, sse3, ssse3, sse4.1, sse4.2, popcnt, avx, avx2, aes, clmul, erms, rtm, 3dnowpref, lzcnt, ht, tsc, tscinvbit, bmi1, bmi2, adx

Memory: 4k page, physical 8274232k(1116440k free), swap 11419960k(275448k free)

vm_info: OpenJDK 64-Bit Server VM (25.112-b06) for windows-amd64 JRE (1.8.0_112-release-b06), built on Dec  8 2016 00:54:26 by "builder" with MS VC++ 10.0 (VS2010)

time: Mon Apr 03 01:26:02 2017
elapsed time: 4 seconds (0d 0h 0m 4s)

