#
# There is insufficient memory for the Java Runtime Environment to continue.
# Native memory allocation (malloc) failed to allocate 676976 bytes for Chunk::new
# Possible reasons:
#   The system is out of physical RAM or swap space
#   In 32 bit mode, the process size limit was hit
# Possible solutions:
#   Reduce memory load on the system
#   Increase physical memory or swap space
#   Check if swap backing store is full
#   Use 64 bit Java on a 64 bit OS
#   Decrease Java heap size (-Xmx/-Xms)
#   Decrease number of Java threads
#   Decrease Java thread stack sizes (-Xss)
#   Set larger code cache with -XX:ReservedCodeCacheSize=
# This output file may be truncated or incomplete.
#
#  Out of Memory Error (allocation.cpp:390), pid=53048, tid=0x000000000000d6f4
#
# JRE version: OpenJDK Runtime Environment (8.0_112-b06) (build 1.8.0_112-release-b06)
# Java VM: OpenJDK 64-Bit Server VM (25.112-b06 mixed mode windows-amd64 compressed oops)
# Failed to write core dump. Minidumps are not enabled by default on client versions of Windows
#

---------------  T H R E A D  ---------------

Current thread (0x0000000004eb6800):  JavaThread "C2 CompilerThread1" daemon [_thread_in_native, id=55028, stack(0x0000000015e00000,0x0000000015f00000)]

Stack: [0x0000000015e00000,0x0000000015f00000]
[error occurred during error reporting (printing stack bounds), id 0xc0000005]

Native frames: (J=compiled Java code, j=interpreted, Vv=VM code, C=native code)


Current CompileTask:
C2:   7011 1598       4       com.android.dx.ssa.LocalVariableExtractor::processBlock (383 bytes)


---------------  P R O C E S S  ---------------

Java Threads: ( => current thread )
  0x000000001618d000 JavaThread "pool-1-thread-4" [_thread_blocked, id=55224, stack(0x0000000016a00000,0x0000000016b00000)]
  0x0000000016188800 JavaThread "pool-1-thread-3" [_thread_in_vm, id=51760, stack(0x0000000016900000,0x0000000016a00000)]
  0x000000001614b000 JavaThread "pool-1-thread-2" [_thread_blocked, id=55776, stack(0x0000000016800000,0x0000000016900000)]
  0x0000000016147800 JavaThread "pool-2-thread-1" [_thread_blocked, id=55188, stack(0x0000000016700000,0x0000000016800000)]
  0x0000000016147000 JavaThread "pool-1-thread-1" [_thread_blocked, id=45428, stack(0x0000000016600000,0x0000000016700000)]
  0x0000000015f05800 JavaThread "Service Thread" daemon [_thread_blocked, id=51676, stack(0x0000000016400000,0x0000000016500000)]
  0x0000000015f00800 JavaThread "C1 CompilerThread2" daemon [_thread_blocked, id=56004, stack(0x0000000016300000,0x0000000016400000)]
=>0x0000000004eb6800 JavaThread "C2 CompilerThread1" daemon [_thread_in_native, id=55028, stack(0x0000000015e00000,0x0000000015f00000)]
  0x0000000004e5e000 JavaThread "C2 CompilerThread0" daemon [_thread_in_native, id=51600, stack(0x0000000015d00000,0x0000000015e00000)]
  0x0000000004e5c000 JavaThread "Attach Listener" daemon [_thread_blocked, id=53004, stack(0x0000000015c00000,0x0000000015d00000)]
  0x0000000004e5b000 JavaThread "Signal Dispatcher" daemon [_thread_blocked, id=31512, stack(0x0000000015b00000,0x0000000015c00000)]
  0x0000000001e7c000 JavaThread "Finalizer" daemon [_thread_blocked, id=51376, stack(0x0000000015920000,0x0000000015a20000)]
  0x0000000001e71000 JavaThread "Reference Handler" daemon [_thread_blocked, id=56208, stack(0x0000000015820000,0x0000000015920000)]
  0x00000000020ee000 JavaThread "main" [_thread_blocked, id=51872, stack(0x0000000001c70000,0x0000000001d70000)]

Other Threads:
  0x0000000004e26800 VMThread [stack: 0x0000000015720000,0x0000000015820000] [id=54440]
  0x0000000015f06800 WatcherThread [stack: 0x0000000016500000,0x0000000016600000] [id=54828]

VM state:not at safepoint (normal execution)

VM Mutex/Monitor currently owned by a thread: None

Heap:
 PSYoungGen      total 38400K, used 15882K [0x00000000eab00000, 0x00000000ef600000, 0x0000000100000000)
  eden space 33280K, 32% used [0x00000000eab00000,0x00000000eb58a8f0,0x00000000ecb80000)
  from space 5120K, 99% used [0x00000000ecb80000,0x00000000ed078048,0x00000000ed080000)
  to   space 5120K, 0% used [0x00000000ef100000,0x00000000ef100000,0x00000000ef600000)
 ParOldGen       total 87552K, used 10638K [0x00000000c0000000, 0x00000000c5580000, 0x00000000eab00000)
  object space 87552K, 12% used [0x00000000c0000000,0x00000000c0a63a58,0x00000000c5580000)
 Metaspace       used 6234K, capacity 7090K, committed 7296K, reserved 1056768K
  class space    used 592K, capacity 618K, committed 640K, reserved 1048576K

Card table byte_map: [0x00000000024b0000,0x00000000026c0000] byte_map_base: 0x0000000001eb0000

Marking Bits: (ParMarkBitMap*) 0x00000000593a18f0
 Begin Bits: [0x0000000002ac0000, 0x0000000003ac0000)
 End Bits:   [0x0000000003ac0000, 0x0000000004ac0000)

Polling page: 0x00000000004f0000

CodeCache: size=245760Kb used=6744Kb max_used=6744Kb free=239015Kb
 bounds [0x0000000005140000, 0x00000000057e0000, 0x0000000014140000]
 total_blobs=1906 nmethods=1638 adapters=182
 compilation: enabled

Compilation events (10 events):
Event: 6.976 Thread 0x0000000015f00800 1694       2       com.android.dx.ssa.PhiTypeResolver::resolveResultType (308 bytes)
Event: 6.980 Thread 0x0000000015f00800 nmethod 1694 0x00000000057d8790 code [0x00000000057d8a80, 0x00000000057d9a48]
Event: 6.980 Thread 0x0000000015f00800 1695       2       java.util.HashMap::comparableClassFor (105 bytes)
Event: 6.981 Thread 0x0000000015f00800 nmethod 1695 0x00000000057dab90 code [0x00000000057dad40, 0x00000000057db1a8]
Event: 6.993 Thread 0x0000000015f00800 1696       2       java.util.concurrent.locks.AbstractQueuedSynchronizer::acquire (27 bytes)
Event: 6.994 Thread 0x0000000015f00800 nmethod 1696 0x00000000057db4d0 code [0x00000000057db660, 0x00000000057db878]
Event: 6.995 Thread 0x0000000015f00800 1697       2       com.android.dx.rop.annotation.Annotations::addAll (59 bytes)
Event: 6.996 Thread 0x0000000015f00800 nmethod 1697 0x00000000057db990 code [0x00000000057dbb60, 0x00000000057dc018]
Event: 6.998 Thread 0x0000000015f00800 1698       1       com.android.dx.ssa.PhiInsn::canThrow (2 bytes)
Event: 6.998 Thread 0x0000000015f00800 nmethod 1698 0x00000000057dc350 code [0x00000000057dc4a0, 0x00000000057dc5b0]

GC Heap History (6 events):
Event: 3.825 GC heap before
{Heap before GC invocations=1 (full 0):
 PSYoungGen      total 38400K, used 33280K [0x00000000eab00000, 0x00000000ed580000, 0x0000000100000000)
  eden space 33280K, 100% used [0x00000000eab00000,0x00000000ecb80000,0x00000000ecb80000)
  from space 5120K, 0% used [0x00000000ed080000,0x00000000ed080000,0x00000000ed580000)
  to   space 5120K, 0% used [0x00000000ecb80000,0x00000000ecb80000,0x00000000ed080000)
 ParOldGen       total 87552K, used 0K [0x00000000c0000000, 0x00000000c5580000, 0x00000000eab00000)
  object space 87552K, 0% used [0x00000000c0000000,0x00000000c0000000,0x00000000c5580000)
 Metaspace       used 5950K, capacity 6960K, committed 7040K, reserved 1056768K
  class space    used 572K, capacity 616K, committed 640K, reserved 1048576K
Event: 3.845 GC heap after
Heap after GC invocations=1 (full 0):
 PSYoungGen      total 38400K, used 5096K [0x00000000eab00000, 0x00000000ed580000, 0x0000000100000000)
  eden space 33280K, 0% used [0x00000000eab00000,0x00000000eab00000,0x00000000ecb80000)
  from space 5120K, 99% used [0x00000000ecb80000,0x00000000ed07a0a8,0x00000000ed080000)
  to   space 5120K, 0% used [0x00000000ed080000,0x00000000ed080000,0x00000000ed580000)
 ParOldGen       total 87552K, used 1313K [0x00000000c0000000, 0x00000000c5580000, 0x00000000eab00000)
  object space 87552K, 1% used [0x00000000c0000000,0x00000000c0148430,0x00000000c5580000)
 Metaspace       used 5950K, capacity 6960K, committed 7040K, reserved 1056768K
  class space    used 572K, capacity 616K, committed 640K, reserved 1048576K
}
Event: 5.213 GC heap before
{Heap before GC invocations=2 (full 0):
 PSYoungGen      total 38400K, used 38376K [0x00000000eab00000, 0x00000000ed580000, 0x0000000100000000)
  eden space 33280K, 100% used [0x00000000eab00000,0x00000000ecb80000,0x00000000ecb80000)
  from space 5120K, 99% used [0x00000000ecb80000,0x00000000ed07a0a8,0x00000000ed080000)
  to   space 5120K, 0% used [0x00000000ed080000,0x00000000ed080000,0x00000000ed580000)
 ParOldGen       total 87552K, used 1313K [0x00000000c0000000, 0x00000000c5580000, 0x00000000eab00000)
  object space 87552K, 1% used [0x00000000c0000000,0x00000000c0148430,0x00000000c5580000)
 Metaspace       used 6190K, capacity 7026K, committed 7296K, reserved 1056768K
  class space    used 592K, capacity 618K, committed 640K, reserved 1048576K
Event: 5.491 GC heap after
Heap after GC invocations=2 (full 0):
 PSYoungGen      total 38400K, used 5111K [0x00000000eab00000, 0x00000000ef600000, 0x0000000100000000)
  eden space 33280K, 0% used [0x00000000eab00000,0x00000000eab00000,0x00000000ecb80000)
  from space 5120K, 99% used [0x00000000ed080000,0x00000000ed57de08,0x00000000ed580000)
  to   space 5120K, 0% used [0x00000000ecb80000,0x00000000ecb80000,0x00000000ed080000)
 ParOldGen       total 87552K, used 5797K [0x00000000c0000000, 0x00000000c5580000, 0x00000000eab00000)
  object space 87552K, 6% used [0x00000000c0000000,0x00000000c05a94e8,0x00000000c5580000)
 Metaspace       used 6190K, capacity 7026K, committed 7296K, reserved 1056768K
  class space    used 592K, capacity 618K, committed 640K, reserved 1048576K
}
Event: 6.774 GC heap before
{Heap before GC invocations=3 (full 0):
 PSYoungGen      total 38400K, used 38391K [0x00000000eab00000, 0x00000000ef600000, 0x0000000100000000)
  eden space 33280K, 100% used [0x00000000eab00000,0x00000000ecb80000,0x00000000ecb80000)
  from space 5120K, 99% used [0x00000000ed080000,0x00000000ed57de08,0x00000000ed580000)
  to   space 5120K, 0% used [0x00000000ecb80000,0x00000000ecb80000,0x00000000ed080000)
 ParOldGen       total 87552K, used 5797K [0x00000000c0000000, 0x00000000c5580000, 0x00000000eab00000)
  object space 87552K, 6% used [0x00000000c0000000,0x00000000c05a94e8,0x00000000c5580000)
 Metaspace       used 6226K, capacity 7090K, committed 7296K, reserved 1056768K
  class space    used 592K, capacity 618K, committed 640K, reserved 1048576K
Event: 6.955 GC heap after
Heap after GC invocations=3 (full 0):
 PSYoungGen      total 38400K, used 5088K [0x00000000eab00000, 0x00000000ef600000, 0x0000000100000000)
  eden space 33280K, 0% used [0x00000000eab00000,0x00000000eab00000,0x00000000ecb80000)
  from space 5120K, 99% used [0x00000000ecb80000,0x00000000ed078048,0x00000000ed080000)
  to   space 5120K, 0% used [0x00000000ef100000,0x00000000ef100000,0x00000000ef600000)
 ParOldGen       total 87552K, used 10638K [0x00000000c0000000, 0x00000000c5580000, 0x00000000eab00000)
  object space 87552K, 12% used [0x00000000c0000000,0x00000000c0a63a58,0x00000000c5580000)
 Metaspace       used 6226K, capacity 7090K, committed 7296K, reserved 1056768K
  class space    used 592K, capacity 618K, committed 640K, reserved 1048576K
}

Deoptimization events (10 events):
Event: 4.034 Thread 0x00000000020ee000 Uncommon trap: reason=class_check action=maybe_recompile pc=0x00000000056109c0 method=java.util.HashMap.putVal(ILjava/lang/Object;Ljava/lang/Object;ZZ)Ljava/lang/Object; @ 203
Event: 4.105 Thread 0x00000000020ee000 Uncommon trap: reason=unstable_if action=reinterpret pc=0x0000000005699b1c method=com.android.dx.ssa.SCCP.simulateStmt(Lcom/android/dx/ssa/SsaInsn;)V @ 53
Event: 4.231 Thread 0x00000000020ee000 Uncommon trap: reason=class_check action=maybe_recompile pc=0x00000000056109c0 method=java.util.HashMap.putVal(ILjava/lang/Object;Ljava/lang/Object;ZZ)Ljava/lang/Object; @ 203
Event: 4.557 Thread 0x000000001618d000 Uncommon trap: reason=unstable_if action=reinterpret pc=0x00000000056b89d8 method=java.util.HashMap.putVal(ILjava/lang/Object;Ljava/lang/Object;ZZ)Ljava/lang/Object; @ 109
Event: 5.531 Thread 0x0000000016188800 Uncommon trap: reason=unstable_if action=reinterpret pc=0x00000000056b2c40 method=java.util.HashMap.putVal(ILjava/lang/Object;Ljava/lang/Object;ZZ)Ljava/lang/Object; @ 109
Event: 5.909 Thread 0x0000000016147000 Uncommon trap: reason=bimorphic action=maybe_recompile pc=0x0000000005768818 method=com.android.dx.cf.code.BytecodeArray.parseInstruction(ILcom/android/dx/cf/code/BytecodeArray$Visitor;)I @ 1130
Event: 5.909 Thread 0x0000000016147000 Uncommon trap: reason=bimorphic action=maybe_recompile pc=0x0000000005768434 method=com.android.dx.cf.code.BytecodeArray.parseInstruction(ILcom/android/dx/cf/code/BytecodeArray$Visitor;)I @ 907
Event: 5.909 Thread 0x0000000016147000 Uncommon trap: reason=bimorphic action=maybe_recompile pc=0x0000000005768818 method=com.android.dx.cf.code.BytecodeArray.parseInstruction(ILcom/android/dx/cf/code/BytecodeArray$Visitor;)I @ 1130
Event: 5.909 Thread 0x0000000016147000 Uncommon trap: reason=bimorphic action=maybe_recompile pc=0x00000000057684b4 method=com.android.dx.cf.code.BytecodeArray.parseInstruction(ILcom/android/dx/cf/code/BytecodeArray$Visitor;)I @ 923
Event: 5.909 Thread 0x0000000016147000 Uncommon trap: reason=bimorphic action=maybe_recompile pc=0x0000000005768818 method=com.android.dx.cf.code.BytecodeArray.parseInstruction(ILcom/android/dx/cf/code/BytecodeArray$Visitor;)I @ 1130

Internal exceptions (6 events):
Event: 0.283 Thread 0x00000000020ee000 Exception <a 'java/lang/NoSuchMethodError': Method sun.misc.Unsafe.defineClass(Ljava/lang/String;[BII)Ljava/lang/Class; name or signature does not match> (0x00000000eab07c78) thrown at [C:\src\android\AOSP-openjdk\external\jetbrains\jdk\hotspot\src\share\v≠¸¬/ù%“?
Event: 0.284 Thread 0x00000000020ee000 Exception <a 'java/lang/NoSuchMethodError': Method sun.misc.Unsafe.prefetchRead(Ljava/lang/Object;J)V name or signature does not match> (0x00000000eab07f60) thrown at [C:\src\android\AOSP-openjdk\external\jetbrains\jdk\hotspot\src\share\vm\prims\jni.cpp, ljŒ59Ê@
Event: 3.384 Thread 0x0000000016147000 Implicit null exception at 0x0000000005490e98 to 0x00000000054934a1
Event: 3.898 Thread 0x00000000020ee000 Exception <a 'java/lang/ArrayIndexOutOfBoundsException': 18> (0x00000000eae22318) thrown at [C:\src\android\AOSP-openjdk\external\jetbrains\jdk\hotspot\src\share\vm\interpreter\interpreterRuntime.cpp, line 366]
Event: 3.898 Thread 0x00000000020ee000 Exception <a 'java/lang/ArrayIndexOutOfBoundsException': 145> (0x00000000eae23e98) thrown at [C:\src\android\AOSP-openjdk\external\jetbrains\jdk\hotspot\src\share\vm\interpreter\interpreterRuntime.cpp, line 366]
Event: 3.900 Thread 0x00000000020ee000 Exception <a 'java/lang/ArrayIndexOutOfBoundsException': 40> (0x00000000eae25180) thrown at [C:\src\android\AOSP-openjdk\external\jetbrains\jdk\hotspot\src\share\vm\interpreter\interpreterRuntime.cpp, line 366]

Events (10 events):
Event: 5.909 Thread 0x0000000016147000 Uncommon trap: trap_request=0xffffffc6 fr.pc=0x00000000057684b4
Event: 5.909 Thread 0x0000000016147000 DEOPT PACKING pc=0x00000000057684b4 sp=0x00000000166fe4e0
Event: 5.909 Thread 0x0000000016147000 DEOPT UNPACKING pc=0x000000000518556a sp=0x00000000166fe4a8 mode 2
Event: 5.909 Thread 0x0000000016147000 Uncommon trap: trap_request=0xffffffc6 fr.pc=0x0000000005768818
Event: 5.910 Thread 0x0000000016147000 DEOPT PACKING pc=0x0000000005768818 sp=0x00000000166fe4e0
Event: 5.910 Thread 0x0000000016147000 DEOPT UNPACKING pc=0x000000000518556a sp=0x00000000166fe4a8 mode 2
Event: 6.699 Executing VM operation: ParallelGCFailedAllocation
Event: 6.955 Executing VM operation: ParallelGCFailedAllocation done
Event: 6.973 Thread 0x000000001618d000 DEOPT PACKING pc=0x0000000005567452 sp=0x0000000016afeb50
Event: 6.973 Thread 0x000000001618d000 DEOPT UNPACKING pc=0x00000000051875bf sp=0x0000000016afe990 mode 0


Dynamic libraries:
0x00007ff69e6c0000 - 0x00007ff69e6f1000 	C:\Program Files\Android\Android Studio\jre\bin\java.exe
0x00007fff9d3d0000 - 0x00007fff9d57d000 	C:\Windows\SYSTEM32\ntdll.dll
0x00007fff9b2f0000 - 0x00007fff9b42e000 	C:\Windows\system32\KERNEL32.DLL
0x00007fff9a8b0000 - 0x00007fff9a9c5000 	C:\Windows\system32\KERNELBASE.dll
0x00007fff9cdc0000 - 0x00007fff9ce6a000 	C:\Windows\system32\ADVAPI32.dll
0x00007fff9cf30000 - 0x00007fff9d0a7000 	C:\Windows\system32\USER32.dll
0x00007fff98940000 - 0x00007fff98bba000 	C:\Windows\WinSxS\amd64_microsoft.windows.common-controls_6595b64144ccf1df_6.0.9600.17810_none_6240b9c7ecbd0bda\COMCTL32.dll
0x00007fff9d320000 - 0x00007fff9d3ca000 	C:\Windows\system32\msvcrt.dll
0x00007fff9b430000 - 0x00007fff9b489000 	C:\Windows\SYSTEM32\sechost.dll
0x00007fff9ad90000 - 0x00007fff9aed0000 	C:\Windows\system32\RPCRT4.dll
0x00007fff9ac40000 - 0x00007fff9ad8f000 	C:\Windows\system32\GDI32.dll
0x00007fff9aa20000 - 0x00007fff9aa4e000 	C:\Windows\system32\SspiCli.dll
0x00007fff9cd80000 - 0x00007fff9cdb6000 	C:\Windows\system32\IMM32.DLL
0x00007fff9afb0000 - 0x00007fff9b102000 	C:\Windows\system32\MSCTF.dll
0x000000005afb0000 - 0x000000005b01c000 	c:\program files (x86)\f-secure\hips\fshook64.dll
0x00007fff9aa50000 - 0x00007fff9aa57000 	C:\Windows\system32\PSAPI.DLL
0x0000000058840000 - 0x0000000058912000 	C:\Program Files\Android\Android Studio\jre\jre\bin\msvcr100.dll
0x0000000058be0000 - 0x000000005941c000 	C:\Program Files\Android\Android Studio\jre\jre\bin\server\jvm.dll
0x00007fff91f20000 - 0x00007fff91f29000 	C:\Windows\SYSTEM32\WSOCK32.dll
0x00007fff983b0000 - 0x00007fff983d2000 	C:\Windows\SYSTEM32\WINMM.dll
0x00007fff983e0000 - 0x00007fff983ea000 	C:\Windows\SYSTEM32\VERSION.dll
0x00007fff9ced0000 - 0x00007fff9cf2a000 	C:\Windows\system32\WS2_32.dll
0x00007fff97fe0000 - 0x00007fff9800a000 	C:\Windows\SYSTEM32\WINMMBASE.dll
0x00007fff9b490000 - 0x00007fff9b499000 	C:\Windows\system32\NSI.dll
0x00007fff9a9d0000 - 0x00007fff9aa1f000 	C:\Windows\SYSTEM32\cfgmgr32.dll
0x00007fff99320000 - 0x00007fff99348000 	C:\Windows\SYSTEM32\DEVOBJ.dll
0x00007fff8f460000 - 0x00007fff8f46f000 	C:\Program Files\Android\Android Studio\jre\jre\bin\verify.dll
0x00007fff87650000 - 0x00007fff87679000 	C:\Program Files\Android\Android Studio\jre\jre\bin\java.dll
0x00007fff8b9a0000 - 0x00007fff8b9b6000 	C:\Program Files\Android\Android Studio\jre\jre\bin\zip.dll
0x00007fff9b850000 - 0x00007fff9cd78000 	C:\Windows\system32\SHELL32.dll
0x00007fff9b4a0000 - 0x00007fff9b6b1000 	C:\Windows\SYSTEM32\combase.dll
0x00007fff9b6c0000 - 0x00007fff9b714000 	C:\Windows\system32\SHLWAPI.dll
0x00007fff99070000 - 0x00007fff99122000 	C:\Windows\SYSTEM32\SHCORE.dll
0x00007fff9a4f0000 - 0x00007fff9a505000 	C:\Windows\SYSTEM32\profapi.dll

VM Arguments:
jvm_args: -Djava.awt.headless=true -Xmx1024M -Dfile.encoding=windows-1252 -Duser.country=US -Duser.language=en -Duser.variant 
java_command: com.android.dx.command.Main --dex --num-threads=4 --output C:\Users\100487239\Desktop\INA-master\app\build\intermediates\pre-dexed\debug\okhttp-3.6.0_abe1744a7232e7cc0c3f6246f1487e97450035e2.jar C:\Users\100487239\.gradle\caches\modules-2\files-2.1\com.squareup.okhttp3\okhttp\3.6.0\69edde9fc4b01c9fd51d25b83428837478c27254\okhttp-3.6.0.jar
java_class_path (initial): C:\Users\100487239\AppData\Local\Android\sdk\build-tools\24.0.2\lib\dx.jar
Launcher Type: SUN_STANDARD

Environment Variables:
CLASSPATH=C:\Antlr\antlr-4.5.2-complete.jar
PATH=C:\Windows\system32;C:\Windows;C:\Windows\System32\Wbem;C:\Windows\System32\WindowsPowerShell\v1.0\;C:\Program Files (x86)\QuickTime\QTSystem\;c:\Program Files (x86)\Microsoft SQL Server\100\Tools\Binn\;c:\Program Files\Microsoft SQL Server\100\Tools\Binn\;c:\Program Files\Microsoft SQL Server\100\DTS\Binn\;C:\Program Files (x86)\Windows Kits\8.1\Windows Performance Toolkit\;C:\Program Files\Microsoft SQL Server\110\Tools\Binn\;C:\Program Files\Java\jdk1.8.0_45\bin;C:\Program Files\Microsoft\Web Platform Installer\;C:\Antlr;C:\MinGW\bin;C:\MinGW\lib;C:\MinGW\include;C:\Program Files\Git\cmd;C:\Program Files\nodejs\;C:\Program Files (x86)\Apache Software Foundation\PHP;C:\ProgramData\ComposerSetup\bin;C:\Program Files\MATLAB\R2016a\runtime\win64;C:\Program Files\MATLAB\R2016a\bin;C:\Program Files (x86)\Skype\Phone\;C:\MinGW\bin;C:\MinGW\include;C:\Program Files\Heroku\bin;C:\Users\100487239\AppData\Local\atom\bin;C:\Users\100487239\AppData\Roaming\npm;C:\Users\100487239\AppData\Roaming\Composer\vendor\bin;C:\Users\100487239\AppData\Local\Google\Cloud SDK\google-cloud-sdk\bin
USERNAME=100487239
OS=Windows_NT
PROCESSOR_IDENTIFIER=Intel64 Family 6 Model 61 Stepping 4, GenuineIntel



---------------  S Y S T E M  ---------------

OS: Windows 8.1 , 64 bit Build 9600 (6.3.9600.17415)

CPU:total 4 (2 cores per cpu, 2 threads per core) family 6 model 61 stepping 4, cmov, cx8, fxsr, mmx, sse, sse2, sse3, ssse3, sse4.1, sse4.2, popcnt, avx, avx2, aes, clmul, erms, rtm, 3dnowpref, lzcnt, ht, tsc, tscinvbit, bmi1, bmi2, adx

Memory: 4k page, physical 8274232k(1003068k free), swap 11419960k(2880k free)

vm_info: OpenJDK 64-Bit Server VM (25.112-b06) for windows-amd64 JRE (1.8.0_112-release-b06), built on Dec  8 2016 00:54:26 by "builder" with MS VC++ 10.0 (VS2010)

time: Mon Apr 03 01:25:45 2017
elapsed time: 7 seconds (0d 0h 0m 7s)

