#
# There is insufficient memory for the Java Runtime Environment to continue.
# Native memory allocation (malloc) failed to allocate 763216 bytes for Chunk::new
# Possible reasons:
#   The system is out of physical RAM or swap space
#   In 32 bit mode, the process size limit was hit
# Possible solutions:
#   Reduce memory load on the system
#   Increase physical memory or swap space
#   Check if swap backing store is full
#   Use 64 bit Java on a 64 bit OS
#   Decrease Java heap size (-Xmx/-Xms)
#   Decrease number of Java threads
#   Decrease Java thread stack sizes (-Xss)
#   Set larger code cache with -XX:ReservedCodeCacheSize=
# This output file may be truncated or incomplete.
#
#  Out of Memory Error (allocation.cpp:390), pid=56300, tid=0x000000000000cf54
#
# JRE version: OpenJDK Runtime Environment (8.0_112-b06) (build 1.8.0_112-release-b06)
# Java VM: OpenJDK 64-Bit Server VM (25.112-b06 mixed mode windows-amd64 compressed oops)
# Failed to write core dump. Minidumps are not enabled by default on client versions of Windows
#

---------------  T H R E A D  ---------------

Current thread (0x0000000014f7c800):  JavaThread "C2 CompilerThread0" daemon [_thread_in_native, id=53076, stack(0x00000000165d0000,0x00000000166d0000)]

Stack: [0x00000000165d0000,0x00000000166d0000]
[error occurred during error reporting (printing stack bounds), id 0xc0000005]

Native frames: (J=compiled Java code, j=interpreted, Vv=VM code, C=native code)


Current CompileTask:
C2:   5493 1632   !   4       com.android.dx.cf.code.BytecodeArray::parseInstruction (2764 bytes)


---------------  P R O C E S S  ---------------

Java Threads: ( => current thread )
  0x00000000168d6000 JavaThread "Service Thread" daemon [_thread_blocked, id=55584, stack(0x0000000016cd0000,0x0000000016dd0000)]
  0x0000000014fdd800 JavaThread "C1 CompilerThread2" daemon [_thread_in_native, id=52984, stack(0x00000000167d0000,0x00000000168d0000)]
  0x0000000014fd5800 JavaThread "C2 CompilerThread1" daemon [_thread_in_native, id=53036, stack(0x00000000166d0000,0x00000000167d0000)]
=>0x0000000014f7c800 JavaThread "C2 CompilerThread0" daemon [_thread_in_native, id=53076, stack(0x00000000165d0000,0x00000000166d0000)]
  0x0000000014f7a800 JavaThread "Attach Listener" daemon [_thread_blocked, id=54808, stack(0x00000000164d0000,0x00000000165d0000)]
  0x0000000014f79000 JavaThread "Signal Dispatcher" daemon [_thread_blocked, id=54112, stack(0x00000000163d0000,0x00000000164d0000)]
  0x000000000277c000 JavaThread "Finalizer" daemon [_thread_blocked, id=54812, stack(0x00000000161f0000,0x00000000162f0000)]
  0x0000000002771000 JavaThread "Reference Handler" daemon [_thread_blocked, id=56316, stack(0x00000000160f0000,0x00000000161f0000)]
  0x0000000002a0e000 JavaThread "main" [_thread_in_Java, id=25220, stack(0x0000000000e50000,0x0000000000f50000)]

Other Threads:
  0x0000000014f45800 VMThread [stack: 0x0000000015ff0000,0x00000000160f0000] [id=55036]
  0x00000000168d7000 WatcherThread [stack: 0x0000000016dd0000,0x0000000016ed0000] [id=53220]

VM state:not at safepoint (normal execution)

VM Mutex/Monitor currently owned by a thread: None

Heap:
 PSYoungGen      total 38400K, used 7386K [0x00000000eab00000, 0x00000000ef600000, 0x0000000100000000)
  eden space 33280K, 6% used [0x00000000eab00000,0x00000000ead3a5e0,0x00000000ecb80000)
  from space 5120K, 99% used [0x00000000ecb80000,0x00000000ed07c610,0x00000000ed080000)
  to   space 5120K, 0% used [0x00000000ef100000,0x00000000ef100000,0x00000000ef600000)
 ParOldGen       total 87552K, used 10674K [0x00000000c0000000, 0x00000000c5580000, 0x00000000eab00000)
  object space 87552K, 12% used [0x00000000c0000000,0x00000000c0a6c898,0x00000000c5580000)
 Metaspace       used 6302K, capacity 7280K, committed 7552K, reserved 1056768K
  class space    used 582K, capacity 616K, committed 640K, reserved 1048576K

Card table byte_map: [0x0000000011dd0000,0x0000000011fe0000] byte_map_base: 0x00000000117d0000

Marking Bits: (ParMarkBitMap*) 0x00000000593a18f0
 Begin Bits: [0x00000000123e0000, 0x00000000133e0000)
 End Bits:   [0x00000000133e0000, 0x00000000143e0000)

Polling page: 0x0000000000d20000

CodeCache: size=245760Kb used=7415Kb max_used=7415Kb free=238344Kb
 bounds [0x0000000002a10000, 0x0000000003160000, 0x0000000011a10000]
 total_blobs=2082 nmethods=1820 adapters=176
 compilation: enabled

Compilation events (10 events):
Event: 5.133 Thread 0x0000000014fdd800 1651       2       com.android.dx.cf.direct.MemberListParser::getEndOffset (9 bytes)
Event: 5.134 Thread 0x0000000014fdd800 nmethod 1651 0x00000000030d2f10 code [0x00000000030d3080, 0x00000000030d3208]
Event: 5.134 Thread 0x0000000014fdd800 1652       1       com.android.dx.cf.attrib.AttSourceFile::byteLength (3 bytes)
Event: 5.134 Thread 0x0000000014fdd800 nmethod 1652 0x00000000030d2c50 code [0x00000000030d2da0, 0x00000000030d2eb0]
Event: 5.141 Thread 0x0000000014fdd800 1653       1       java.util.HashMap::afterNodeAccess (1 bytes)
Event: 5.142 Thread 0x0000000014fdd800 nmethod 1653 0x00000000030d2990 code [0x00000000030d2ae0, 0x00000000030d2bf0]
Event: 5.162 Thread 0x0000000014fdd800 1656       2       com.android.dx.rop.code.Rops::opReturn (89 bytes)
Event: 5.163 Thread 0x0000000014fdd800 nmethod 1656 0x00000000030f6550 code [0x00000000030f6720, 0x00000000030f6c18]
Event: 5.167 Thread 0x0000000014fdd800 1658       2       sun.misc.Unsafe::getAndAddInt (27 bytes)
Event: 5.168 Thread 0x0000000014fdd800 nmethod 1658 0x00000000030f6f10 code [0x00000000030f7060, 0x00000000030f7210]

GC Heap History (4 events):
Event: 2.672 GC heap before
{Heap before GC invocations=1 (full 0):
 PSYoungGen      total 38400K, used 33280K [0x00000000eab00000, 0x00000000ed580000, 0x0000000100000000)
  eden space 33280K, 100% used [0x00000000eab00000,0x00000000ecb80000,0x00000000ecb80000)
  from space 5120K, 0% used [0x00000000ed080000,0x00000000ed080000,0x00000000ed580000)
  to   space 5120K, 0% used [0x00000000ecb80000,0x00000000ecb80000,0x00000000ed080000)
 ParOldGen       total 87552K, used 0K [0x00000000c0000000, 0x00000000c5580000, 0x00000000eab00000)
  object space 87552K, 0% used [0x00000000c0000000,0x00000000c0000000,0x00000000c5580000)
 Metaspace       used 5835K, capacity 6960K, committed 7040K, reserved 1056768K
  class space    used 564K, capacity 616K, committed 640K, reserved 1048576K
Event: 2.721 GC heap after
Heap after GC invocations=1 (full 0):
 PSYoungGen      total 38400K, used 5097K [0x00000000eab00000, 0x00000000ed580000, 0x0000000100000000)
  eden space 33280K, 0% used [0x00000000eab00000,0x00000000eab00000,0x00000000ecb80000)
  from space 5120K, 99% used [0x00000000ecb80000,0x00000000ed07a480,0x00000000ed080000)
  to   space 5120K, 0% used [0x00000000ed080000,0x00000000ed080000,0x00000000ed580000)
 ParOldGen       total 87552K, used 1373K [0x00000000c0000000, 0x00000000c5580000, 0x00000000eab00000)
  object space 87552K, 1% used [0x00000000c0000000,0x00000000c01577b8,0x00000000c5580000)
 Metaspace       used 5835K, capacity 6960K, committed 7040K, reserved 1056768K
  class space    used 564K, capacity 616K, committed 640K, reserved 1048576K
}
Event: 4.532 GC heap before
{Heap before GC invocations=2 (full 0):
 PSYoungGen      total 38400K, used 38377K [0x00000000eab00000, 0x00000000ed580000, 0x0000000100000000)
  eden space 33280K, 100% used [0x00000000eab00000,0x00000000ecb80000,0x00000000ecb80000)
  from space 5120K, 99% used [0x00000000ecb80000,0x00000000ed07a480,0x00000000ed080000)
  to   space 5120K, 0% used [0x00000000ed080000,0x00000000ed080000,0x00000000ed580000)
 ParOldGen       total 87552K, used 1373K [0x00000000c0000000, 0x00000000c5580000, 0x00000000eab00000)
  object space 87552K, 1% used [0x00000000c0000000,0x00000000c01577b8,0x00000000c5580000)
 Metaspace       used 6009K, capacity 7088K, committed 7296K, reserved 1056768K
  class space    used 564K, capacity 616K, committed 640K, reserved 1048576K
Event: 4.586 GC heap after
Heap after GC invocations=2 (full 0):
 PSYoungGen      total 38400K, used 5095K [0x00000000eab00000, 0x00000000ef600000, 0x0000000100000000)
  eden space 33280K, 0% used [0x00000000eab00000,0x00000000eab00000,0x00000000ecb80000)
  from space 5120K, 99% used [0x00000000ed080000,0x00000000ed579c98,0x00000000ed580000)
  to   space 5120K, 0% used [0x00000000ecb80000,0x00000000ecb80000,0x00000000ed080000)
 ParOldGen       total 87552K, used 6257K [0x00000000c0000000, 0x00000000c5580000, 0x00000000eab00000)
  object space 87552K, 7% used [0x00000000c0000000,0x00000000c061c628,0x00000000c5580000)
 Metaspace       used 6009K, capacity 7088K, committed 7296K, reserved 1056768K
  class space    used 564K, capacity 616K, committed 640K, reserved 1048576K
}

Deoptimization events (10 events):
Event: 3.653 Thread 0x0000000002a0e000 Uncommon trap: reason=unstable_if action=reinterpret pc=0x0000000002dc91e0 method=com.android.dx.rop.code.RegisterSpecSet.put(Lcom/android/dx/rop/code/RegisterSpec;)V @ 77
Event: 3.930 Thread 0x0000000016b4e000 Uncommon trap: reason=unstable_if action=reinterpret pc=0x0000000002fe9a20 method=com.android.dx.ssa.LiteralOpUpgrader$1.visitNonMoveInsn(Lcom/android/dx/ssa/NormalSsaInsn;)V @ 55
Event: 3.931 Thread 0x0000000016b4e000 Uncommon trap: reason=unstable_if action=reinterpret pc=0x0000000002e0fa9c method=com.android.dx.ssa.SsaMethod.updateOneDefinition(Lcom/android/dx/ssa/SsaInsn;Lcom/android/dx/rop/code/RegisterSpec;)V @ 4
Event: 3.946 Thread 0x0000000016b4d000 Uncommon trap: reason=unstable_if action=reinterpret pc=0x0000000002fb9a28 method=com.android.dx.rop.code.LocalItem.compareHandlesNulls(Lcom/android/dx/rop/cst/CstString;Lcom/android/dx/rop/cst/CstString;)I @ 14
Event: 4.402 Thread 0x0000000016b4d000 Uncommon trap: reason=unstable_if action=reinterpret pc=0x0000000002dbac1c method=com.android.dx.rop.cst.Constant.compareTo(Lcom/android/dx/rop/cst/Constant;)I @ 12
Event: 4.595 Thread 0x0000000016b2e800 Uncommon trap: reason=null_check action=make_not_entrant pc=0x0000000002f2fe30 method=com.android.dx.ssa.SsaRenamer.getLocalForNewReg(I)Lcom/android/dx/rop/code/LocalItem; @ 19
Event: 5.002 Thread 0x0000000016b4e000 Uncommon trap: reason=null_check action=make_not_entrant pc=0x0000000002db7728 method=com.android.dx.rop.type.Type.equals(Ljava/lang/Object;)Z @ 8
Event: 5.111 Thread 0x0000000002a0e000 Uncommon trap: reason=bimorphic action=maybe_recompile pc=0x0000000002e5c804 method=java.util.HashMap.putVal(ILjava/lang/Object;Ljava/lang/Object;ZZ)Ljava/lang/Object; @ 91
Event: 5.111 Thread 0x0000000002a0e000 Uncommon trap: reason=bimorphic action=maybe_recompile pc=0x0000000002e5c804 method=java.util.HashMap.putVal(ILjava/lang/Object;Ljava/lang/Object;ZZ)Ljava/lang/Object; @ 91
Event: 5.111 Thread 0x0000000002a0e000 Uncommon trap: reason=bimorphic action=maybe_recompile pc=0x0000000002e5c804 method=java.util.HashMap.putVal(ILjava/lang/Object;Ljava/lang/Object;ZZ)Ljava/lang/Object; @ 91

Internal exceptions (5 events):
Event: 0.118 Thread 0x0000000002a0e000 Exception <a 'java/lang/NoSuchMethodError': Method sun.misc.Unsafe.defineClass(Ljava/lang/String;[BII)Ljava/lang/Class; name or signature does not match> (0x00000000eab07c78) thrown at [C:\src\android\AOSP-openjdk\external\jetbrains\jdk\hotspot\src\share\vK.Vù^¾?
Event: 0.119 Thread 0x0000000002a0e000 Exception <a 'java/lang/NoSuchMethodError': Method sun.misc.Unsafe.prefetchRead(Ljava/lang/Object;J)V name or signature does not match> (0x00000000eab07f60) thrown at [C:\src\android\AOSP-openjdk\external\jetbrains\jdk\hotspot\src\share\vm\prims\jni.cpp, lg¢_	U‘@
Event: 3.946 Thread 0x0000000016b4d000 Implicit null exception at 0x0000000002fb8595 to 0x0000000002fb9a01
Event: 4.595 Thread 0x0000000016b2e800 Implicit null exception at 0x0000000002f2e61c to 0x0000000002f2fe11
Event: 5.002 Thread 0x0000000016b4e000 Implicit null exception at 0x0000000002db7622 to 0x0000000002db771a

Events (10 events):
Event: 5.002 Thread 0x0000000016b4e000 DEOPT UNPACKING pc=0x0000000002a5556a sp=0x00000000172ce6c8 mode 2
Event: 5.111 Thread 0x0000000002a0e000 Uncommon trap: trap_request=0xffffffc6 fr.pc=0x0000000002e5c804
Event: 5.111 Thread 0x0000000002a0e000 DEOPT PACKING pc=0x0000000002e5c804 sp=0x0000000000f4e180
Event: 5.111 Thread 0x0000000002a0e000 DEOPT UNPACKING pc=0x0000000002a5556a sp=0x0000000000f4e108 mode 2
Event: 5.111 Thread 0x0000000002a0e000 Uncommon trap: trap_request=0xffffffc6 fr.pc=0x0000000002e5c804
Event: 5.111 Thread 0x0000000002a0e000 DEOPT PACKING pc=0x0000000002e5c804 sp=0x0000000000f4e180
Event: 5.111 Thread 0x0000000002a0e000 DEOPT UNPACKING pc=0x0000000002a5556a sp=0x0000000000f4e108 mode 2
Event: 5.111 Thread 0x0000000002a0e000 Uncommon trap: trap_request=0xffffffc6 fr.pc=0x0000000002e5c804
Event: 5.111 Thread 0x0000000002a0e000 DEOPT PACKING pc=0x0000000002e5c804 sp=0x0000000000f4e180
Event: 5.111 Thread 0x0000000002a0e000 DEOPT UNPACKING pc=0x0000000002a5556a sp=0x0000000000f4e108 mode 2


Dynamic libraries:
0x00007ff69e6c0000 - 0x00007ff69e6f1000 	C:\Program Files\Android\Android Studio\jre\bin\java.exe
0x00007fff9d3d0000 - 0x00007fff9d57d000 	C:\Windows\SYSTEM32\ntdll.dll
0x00007fff9b2f0000 - 0x00007fff9b42e000 	C:\Windows\system32\KERNEL32.DLL
0x00007fff9a8b0000 - 0x00007fff9a9c5000 	C:\Windows\system32\KERNELBASE.dll
0x00007fff9cdc0000 - 0x00007fff9ce6a000 	C:\Windows\system32\ADVAPI32.dll
0x00007fff9cf30000 - 0x00007fff9d0a7000 	C:\Windows\system32\USER32.dll
0x00007fff98940000 - 0x00007fff98bba000 	C:\Windows\WinSxS\amd64_microsoft.windows.common-controls_6595b64144ccf1df_6.0.9600.17810_none_6240b9c7ecbd0bda\COMCTL32.dll
0x00007fff9d320000 - 0x00007fff9d3ca000 	C:\Windows\system32\msvcrt.dll
0x00007fff9b430000 - 0x00007fff9b489000 	C:\Windows\SYSTEM32\sechost.dll
0x00007fff9ad90000 - 0x00007fff9aed0000 	C:\Windows\system32\RPCRT4.dll
0x00007fff9ac40000 - 0x00007fff9ad8f000 	C:\Windows\system32\GDI32.dll
0x00007fff9aa20000 - 0x00007fff9aa4e000 	C:\Windows\system32\SspiCli.dll
0x00007fff9cd80000 - 0x00007fff9cdb6000 	C:\Windows\system32\IMM32.DLL
0x00007fff9afb0000 - 0x00007fff9b102000 	C:\Windows\system32\MSCTF.dll
0x000000005afb0000 - 0x000000005b01c000 	c:\program files (x86)\f-secure\hips\fshook64.dll
0x00007fff9aa50000 - 0x00007fff9aa57000 	C:\Windows\system32\PSAPI.DLL
0x0000000058840000 - 0x0000000058912000 	C:\Program Files\Android\Android Studio\jre\jre\bin\msvcr100.dll
0x0000000058be0000 - 0x000000005941c000 	C:\Program Files\Android\Android Studio\jre\jre\bin\server\jvm.dll
0x00007fff91f20000 - 0x00007fff91f29000 	C:\Windows\SYSTEM32\WSOCK32.dll
0x00007fff983b0000 - 0x00007fff983d2000 	C:\Windows\SYSTEM32\WINMM.dll
0x00007fff983e0000 - 0x00007fff983ea000 	C:\Windows\SYSTEM32\VERSION.dll
0x00007fff9ced0000 - 0x00007fff9cf2a000 	C:\Windows\system32\WS2_32.dll
0x00007fff97fe0000 - 0x00007fff9800a000 	C:\Windows\SYSTEM32\WINMMBASE.dll
0x00007fff9b490000 - 0x00007fff9b499000 	C:\Windows\system32\NSI.dll
0x00007fff9a9d0000 - 0x00007fff9aa1f000 	C:\Windows\SYSTEM32\cfgmgr32.dll
0x00007fff99320000 - 0x00007fff99348000 	C:\Windows\SYSTEM32\DEVOBJ.dll
0x00007fff8f460000 - 0x00007fff8f46f000 	C:\Program Files\Android\Android Studio\jre\jre\bin\verify.dll
0x00007fff87650000 - 0x00007fff87679000 	C:\Program Files\Android\Android Studio\jre\jre\bin\java.dll
0x00007fff8b9a0000 - 0x00007fff8b9b6000 	C:\Program Files\Android\Android Studio\jre\jre\bin\zip.dll
0x00007fff9b850000 - 0x00007fff9cd78000 	C:\Windows\system32\SHELL32.dll
0x00007fff9b4a0000 - 0x00007fff9b6b1000 	C:\Windows\SYSTEM32\combase.dll
0x00007fff9b6c0000 - 0x00007fff9b714000 	C:\Windows\system32\SHLWAPI.dll
0x00007fff99070000 - 0x00007fff99122000 	C:\Windows\SYSTEM32\SHCORE.dll
0x00007fff9a4f0000 - 0x00007fff9a505000 	C:\Windows\SYSTEM32\profapi.dll

VM Arguments:
jvm_args: -Djava.awt.headless=true -Xmx1024M -Dfile.encoding=windows-1252 -Duser.country=US -Duser.language=en -Duser.variant 
java_command: com.android.dx.command.Main --dex --num-threads=4 --output C:\Users\100487239\Desktop\INA-master\app\build\intermediates\pre-dexed\debug\com.android.support-support-media-compat-24.2.1_9960410bb134080eb73c1c4fae8f6204de5b544a.jar C:\Users\100487239\Desktop\INA-master\app\build\intermediates\exploded-aar\com.android.support\support-media-compat\24.2.1\jars\classes.jar
java_class_path (initial): C:\Users\100487239\AppData\Local\Android\sdk\build-tools\24.0.2\lib\dx.jar
Launcher Type: SUN_STANDARD

Environment Variables:
CLASSPATH=C:\Antlr\antlr-4.5.2-complete.jar
PATH=C:\Windows\system32;C:\Windows;C:\Windows\System32\Wbem;C:\Windows\System32\WindowsPowerShell\v1.0\;C:\Program Files (x86)\QuickTime\QTSystem\;c:\Program Files (x86)\Microsoft SQL Server\100\Tools\Binn\;c:\Program Files\Microsoft SQL Server\100\Tools\Binn\;c:\Program Files\Microsoft SQL Server\100\DTS\Binn\;C:\Program Files (x86)\Windows Kits\8.1\Windows Performance Toolkit\;C:\Program Files\Microsoft SQL Server\110\Tools\Binn\;C:\Program Files\Java\jdk1.8.0_45\bin;C:\Program Files\Microsoft\Web Platform Installer\;C:\Antlr;C:\MinGW\bin;C:\MinGW\lib;C:\MinGW\include;C:\Program Files\Git\cmd;C:\Program Files\nodejs\;C:\Program Files (x86)\Apache Software Foundation\PHP;C:\ProgramData\ComposerSetup\bin;C:\Program Files\MATLAB\R2016a\runtime\win64;C:\Program Files\MATLAB\R2016a\bin;C:\Program Files (x86)\Skype\Phone\;C:\MinGW\bin;C:\MinGW\include;C:\Program Files\Heroku\bin;C:\Users\100487239\AppData\Local\atom\bin;C:\Users\100487239\AppData\Roaming\npm;C:\Users\100487239\AppData\Roaming\Composer\vendor\bin;C:\Users\100487239\AppData\Local\Google\Cloud SDK\google-cloud-sdk\bin
USERNAME=100487239
OS=Windows_NT
PROCESSOR_IDENTIFIER=Intel64 Family 6 Model 61 Stepping 4, GenuineIntel



---------------  S Y S T E M  ---------------

OS: Windows 8.1 , 64 bit Build 9600 (6.3.9600.17415)

CPU:total 4 (2 cores per cpu, 2 threads per core) family 6 model 61 stepping 4, cmov, cx8, fxsr, mmx, sse, sse2, sse3, ssse3, sse4.1, sse4.2, popcnt, avx, avx2, aes, clmul, erms, rtm, 3dnowpref, lzcnt, ht, tsc, tscinvbit, bmi1, bmi2, adx

Memory: 4k page, physical 8274232k(1004332k free), swap 11419960k(174800k free)

vm_info: OpenJDK 64-Bit Server VM (25.112-b06) for windows-amd64 JRE (1.8.0_112-release-b06), built on Dec  8 2016 00:54:26 by "builder" with MS VC++ 10.0 (VS2010)

time: Mon Apr 03 01:25:55 2017
elapsed time: 5 seconds (0d 0h 0m 5s)

