#
# There is insufficient memory for the Java Runtime Environment to continue.
# Native memory allocation (malloc) failed to allocate 1048576 bytes for AllocateHeap
# Possible reasons:
#   The system is out of physical RAM or swap space
#   In 32 bit mode, the process size limit was hit
# Possible solutions:
#   Reduce memory load on the system
#   Increase physical memory or swap space
#   Check if swap backing store is full
#   Use 64 bit Java on a 64 bit OS
#   Decrease Java heap size (-Xmx/-Xms)
#   Decrease number of Java threads
#   Decrease Java thread stack sizes (-Xss)
#   Set larger code cache with -XX:ReservedCodeCacheSize=
# This output file may be truncated or incomplete.
#
#  Out of Memory Error (memory/allocation.inline.hpp:61), pid=8048, tid=0x0000000000003e44
#
# JRE version:  (8.0_112-b06) (build )
# Java VM: OpenJDK 64-Bit Server VM (25.112-b06 mixed mode windows-amd64 compressed oops)
# Failed to write core dump. Minidumps are not enabled by default on client versions of Windows
#

---------------  T H R E A D  ---------------

Current thread (0x000000000267e000):  JavaThread "Unknown thread" [_thread_in_vm, id=15940, stack(0x00000000023f0000,0x00000000024f0000)]

Stack: [0x00000000023f0000,0x00000000024f0000]
[error occurred during error reporting (printing stack bounds), id 0xc0000005]

Native frames: (J=compiled Java code, j=interpreted, Vv=VM code, C=native code)


---------------  P R O C E S S  ---------------

Java Threads: ( => current thread )

Other Threads:

=>0x000000000267e000 (exited) JavaThread "Unknown thread" [_thread_in_vm, id=15940, stack(0x00000000023f0000,0x00000000024f0000)]

VM state:not at safepoint (normal execution)

VM Mutex/Monitor currently owned by a thread: None

Heap:
 PSYoungGen      total 38400K, used 665K [0x00000000eab00000, 0x00000000ed580000, 0x0000000100000000)
  eden space 33280K, 2% used [0x00000000eab00000,0x00000000eaba6670,0x00000000ecb80000)
  from space 5120K, 0% used [0x00000000ed080000,0x00000000ed080000,0x00000000ed580000)
  to   space 5120K, 0% used [0x00000000ecb80000,0x00000000ecb80000,0x00000000ed080000)
 ParOldGen       total 87552K, used 0K [0x00000000c0000000, 0x00000000c5580000, 0x00000000eab00000)
  object space 87552K, 0% used [0x00000000c0000000,0x00000000c0000000,0x00000000c5580000)
 Metaspace       used 772K, capacity 4480K, committed 4480K, reserved 1056768K
  class space    used 73K, capacity 384K, committed 384K, reserved 1048576K

Card table byte_map: [0x0000000002a40000,0x0000000002c50000] byte_map_base: 0x0000000002440000

Marking Bits: (ParMarkBitMap*) 0x000000005f4d18f0
 Begin Bits: [0x00000000031b0000, 0x00000000041b0000)
 End Bits:   [0x00000000041b0000, 0x00000000051b0000)

Polling page: 0x00000000023c0000

CodeCache: size=245760Kb used=328Kb max_used=328Kb free=245431Kb
 bounds [0x000000000e430000, 0x000000000e6a0000, 0x000000001d430000]
 total_blobs=57 nmethods=0 adapters=38
 compilation: enabled

Compilation events (0 events):
No events

GC Heap History (0 events):
No events

Deoptimization events (0 events):
No events

Internal exceptions (0 events):
No events

Events (10 events):
Event: 0.048 loading class java/lang/Short
Event: 0.049 loading class java/lang/Short done
Event: 0.049 loading class java/lang/Integer
Event: 0.049 loading class java/lang/Integer done
Event: 0.049 loading class java/lang/Long
Event: 0.049 loading class java/lang/Long done
Event: 0.050 loading class java/lang/NullPointerException
Event: 0.050 loading class java/lang/NullPointerException done
Event: 0.050 loading class java/lang/ArithmeticException
Event: 0.050 loading class java/lang/ArithmeticException done


Dynamic libraries:
0x00007ff7e6710000 - 0x00007ff7e6741000 	C:\Program Files\Android\Android Studio\jre\bin\java.exe
0x00007ffde10a0000 - 0x00007ffde124d000 	C:\Windows\SYSTEM32\ntdll.dll
0x00007ffde05a0000 - 0x00007ffde06de000 	C:\Windows\system32\KERNEL32.DLL
0x00007ffdde520000 - 0x00007ffdde635000 	C:\Windows\system32\KERNELBASE.dll
0x00007ffddeb40000 - 0x00007ffddebea000 	C:\Windows\system32\ADVAPI32.dll
0x00007ffde0b80000 - 0x00007ffde0cf7000 	C:\Windows\system32\USER32.dll
0x00007ffddc610000 - 0x00007ffddc88a000 	C:\Windows\WinSxS\amd64_microsoft.windows.common-controls_6595b64144ccf1df_6.0.9600.17810_none_6240b9c7ecbd0bda\COMCTL32.dll
0x00007ffde0a10000 - 0x00007ffde0aba000 	C:\Windows\system32\msvcrt.dll
0x00007ffdde780000 - 0x00007ffdde7d9000 	C:\Windows\SYSTEM32\sechost.dll
0x00007ffde08d0000 - 0x00007ffde0a10000 	C:\Windows\system32\RPCRT4.dll
0x00007ffde0f30000 - 0x00007ffde107f000 	C:\Windows\system32\GDI32.dll
0x00007ffdde6f0000 - 0x00007ffdde71e000 	C:\Windows\system32\SspiCli.dll
0x00007ffdde860000 - 0x00007ffdde896000 	C:\Windows\system32\IMM32.DLL
0x00007ffde0dd0000 - 0x00007ffde0f22000 	C:\Windows\system32\MSCTF.dll
0x0000000060260000 - 0x00000000602cc000 	c:\program files (x86)\f-secure\hips\fshook64.dll
0x00007ffdde7e0000 - 0x00007ffdde7e7000 	C:\Windows\system32\PSAPI.DLL
0x000000005ea90000 - 0x000000005eb62000 	C:\Program Files\Android\Android Studio\jre\jre\bin\msvcr100.dll
0x000000005ed10000 - 0x000000005f54c000 	C:\Program Files\Android\Android Studio\jre\jre\bin\server\jvm.dll
0x00007ffdd5720000 - 0x00007ffdd5729000 	C:\Windows\SYSTEM32\WSOCK32.dll
0x00007ffddbfb0000 - 0x00007ffddbfd2000 	C:\Windows\SYSTEM32\WINMM.dll
0x00007ffddbfe0000 - 0x00007ffddbfea000 	C:\Windows\SYSTEM32\VERSION.dll
0x00007ffdde8a0000 - 0x00007ffdde8fa000 	C:\Windows\system32\WS2_32.dll
0x00007ffddbd20000 - 0x00007ffddbd4a000 	C:\Windows\SYSTEM32\WINMMBASE.dll
0x00007ffde1080000 - 0x00007ffde1089000 	C:\Windows\system32\NSI.dll
0x00007ffdde290000 - 0x00007ffdde2df000 	C:\Windows\SYSTEM32\cfgmgr32.dll
0x00007ffddcfe0000 - 0x00007ffddd008000 	C:\Windows\SYSTEM32\DEVOBJ.dll
0x00007ffddb490000 - 0x00007ffddb49f000 	C:\Program Files\Android\Android Studio\jre\jre\bin\verify.dll
0x00007ffdd2db0000 - 0x00007ffdd2dd9000 	C:\Program Files\Android\Android Studio\jre\jre\bin\java.dll
0x00007ffdd2c30000 - 0x00007ffdd2c46000 	C:\Program Files\Android\Android Studio\jre\jre\bin\zip.dll

VM Arguments:
jvm_args: -Djava.awt.headless=true -Xmx1024M -Dfile.encoding=windows-1252 -Duser.country=US -Duser.language=en -Duser.variant 
java_command: com.android.dx.command.Main --dex --num-threads=4 --output C:\Users\100487239\Desktop\INA-master\app\build\intermediates\pre-dexed\debug\com.android.support-support-core-ui-24.2.1_36b0b841d1c5d669547615ade977ba701acaafdf.jar C:\Users\100487239\Desktop\INA-master\app\build\intermediates\exploded-aar\com.android.support\support-core-ui\24.2.1\jars\classes.jar
java_class_path (initial): C:\Users\100487239\AppData\Local\Android\sdk\build-tools\24.0.2\lib\dx.jar
Launcher Type: SUN_STANDARD

Environment Variables:
CLASSPATH=C:\Antlr\antlr-4.5.2-complete.jar
PATH=C:\Windows\system32;C:\Windows;C:\Windows\System32\Wbem;C:\Windows\System32\WindowsPowerShell\v1.0\;C:\Program Files (x86)\QuickTime\QTSystem\;c:\Program Files (x86)\Microsoft SQL Server\100\Tools\Binn\;c:\Program Files\Microsoft SQL Server\100\Tools\Binn\;c:\Program Files\Microsoft SQL Server\100\DTS\Binn\;C:\Program Files (x86)\Windows Kits\8.1\Windows Performance Toolkit\;C:\Program Files\Microsoft SQL Server\110\Tools\Binn\;C:\Program Files\Java\jdk1.8.0_45\bin;C:\Program Files\Microsoft\Web Platform Installer\;C:\Antlr;C:\MinGW\bin;C:\MinGW\lib;C:\MinGW\include;C:\Program Files\Git\cmd;C:\Program Files\nodejs\;C:\Program Files (x86)\Apache Software Foundation\PHP;C:\ProgramData\ComposerSetup\bin;C:\Program Files\MATLAB\R2016a\runtime\win64;C:\Program Files\MATLAB\R2016a\bin;C:\Program Files (x86)\Skype\Phone\;C:\MinGW\bin;C:\MinGW\include;C:\Program Files\Heroku\bin;C:\Users\100487239\AppData\Local\atom\bin;C:\Users\100487239\AppData\Roaming\npm;C:\Users\100487239\AppData\Roaming\Composer\vendor\bin;C:\Users\100487239\AppData\Local\Google\Cloud SDK\google-cloud-sdk\bin
USERNAME=100487239
OS=Windows_NT
PROCESSOR_IDENTIFIER=Intel64 Family 6 Model 61 Stepping 4, GenuineIntel



---------------  S Y S T E M  ---------------

OS: Windows 8.1 , 64 bit Build 9600 (6.3.9600.17415)

CPU:total 4 (2 cores per cpu, 2 threads per core) family 6 model 61 stepping 4, cmov, cx8, fxsr, mmx, sse, sse2, sse3, ssse3, sse4.1, sse4.2, popcnt, avx, avx2, aes, clmul, erms, rtm, 3dnowpref, lzcnt, ht, tsc, tscinvbit, bmi1, bmi2, adx

Memory: 4k page, physical 8274232k(1091216k free), swap 11419960k(5516k free)

vm_info: OpenJDK 64-Bit Server VM (25.112-b06) for windows-amd64 JRE (1.8.0_112-release-b06), built on Dec  8 2016 00:54:26 by "builder" with MS VC++ 10.0 (VS2010)

time: Tue Apr 04 10:04:52 2017
elapsed time: 0 seconds (0d 0h 0m 0s)

