#
# There is insufficient memory for the Java Runtime Environment to continue.
# Native memory allocation (malloc) failed to allocate 32744 bytes for ChunkPool::allocate
# Possible reasons:
#   The system is out of physical RAM or swap space
#   In 32 bit mode, the process size limit was hit
# Possible solutions:
#   Reduce memory load on the system
#   Increase physical memory or swap space
#   Check if swap backing store is full
#   Use 64 bit Java on a 64 bit OS
#   Decrease Java heap size (-Xmx/-Xms)
#   Decrease number of Java threads
#   Decrease Java thread stack sizes (-Xss)
#   Set larger code cache with -XX:ReservedCodeCacheSize=
# This output file may be truncated or incomplete.
#
#  Out of Memory Error (allocation.cpp:273), pid=55320, tid=0x000000000000d23c
#
# JRE version: OpenJDK Runtime Environment (8.0_112-b06) (build 1.8.0_112-release-b06)
# Java VM: OpenJDK 64-Bit Server VM (25.112-b06 mixed mode windows-amd64 compressed oops)
# Failed to write core dump. Minidumps are not enabled by default on client versions of Windows
#

---------------  T H R E A D  ---------------

Current thread (0x000000000621b000):  JavaThread "C1 CompilerThread2" daemon [_thread_in_native, id=53820, stack(0x0000000007a00000,0x0000000007b00000)]

Stack: [0x0000000007a00000,0x0000000007b00000]
[error occurred during error reporting (printing stack bounds), id 0xc0000005]

Native frames: (J=compiled Java code, j=interpreted, Vv=VM code, C=native code)


Current CompileTask:
C1:   6797 1216       3       com.android.dx.cf.code.Simulator$SimVisitor::visitNoArgs (2136 bytes)


---------------  P R O C E S S  ---------------

Java Threads: ( => current thread )
  0x0000000007d49800 JavaThread "pool-1-thread-4" [_thread_in_Java, id=52596, stack(0x0000000008500000,0x0000000008600000)]
  0x0000000007d48800 JavaThread "pool-1-thread-3" [_thread_in_Java, id=50296, stack(0x0000000008400000,0x0000000008500000)]
  0x0000000007da2800 JavaThread "pool-1-thread-2" [_thread_in_vm, id=54212, stack(0x0000000008300000,0x0000000008400000)]
  0x0000000007da9800 JavaThread "pool-2-thread-1" [_thread_blocked, id=52064, stack(0x0000000008200000,0x0000000008300000)]
  0x0000000007da2000 JavaThread "pool-1-thread-1" [_thread_in_Java, id=54188, stack(0x0000000008100000,0x0000000008200000)]
  0x0000000007b06000 JavaThread "Service Thread" daemon [_thread_blocked, id=51708, stack(0x0000000007f00000,0x0000000008000000)]
=>0x000000000621b000 JavaThread "C1 CompilerThread2" daemon [_thread_in_native, id=53820, stack(0x0000000007a00000,0x0000000007b00000)]
  0x0000000006216800 JavaThread "C2 CompilerThread1" daemon [_thread_in_native, id=49160, stack(0x0000000007900000,0x0000000007a00000)]
  0x00000000061bd800 JavaThread "C2 CompilerThread0" daemon [_thread_in_native, id=54152, stack(0x0000000007800000,0x0000000007900000)]
  0x00000000061bb000 JavaThread "Attach Listener" daemon [_thread_blocked, id=50408, stack(0x0000000007700000,0x0000000007800000)]
  0x00000000061ba000 JavaThread "Signal Dispatcher" daemon [_thread_blocked, id=55496, stack(0x0000000007600000,0x0000000007700000)]
  0x00000000061a8800 JavaThread "Finalizer" daemon [_thread_blocked, id=55000, stack(0x0000000007420000,0x0000000007520000)]
  0x0000000002ae2800 JavaThread "Reference Handler" daemon [_thread_blocked, id=55204, stack(0x0000000007320000,0x0000000007420000)]
  0x000000000287e000 JavaThread "main" [_thread_in_Java, id=50948, stack(0x00000000028d0000,0x00000000029d0000)]

Other Threads:
  0x0000000006186800 VMThread [stack: 0x0000000007220000,0x0000000007320000] [id=50692]
  0x0000000007b07000 WatcherThread [stack: 0x0000000008000000,0x0000000008100000] [id=46824]

VM state:not at safepoint (normal execution)

VM Mutex/Monitor currently owned by a thread: None

Heap:
 PSYoungGen      total 38400K, used 20047K [0x00000000eab00000, 0x00000000ed580000, 0x0000000100000000)
  eden space 33280K, 60% used [0x00000000eab00000,0x00000000ebe93ea8,0x00000000ecb80000)
  from space 5120K, 0% used [0x00000000ecb80000,0x00000000ecb80000,0x00000000ed080000)
  to   space 5120K, 0% used [0x00000000ed080000,0x00000000ed080000,0x00000000ed580000)
 ParOldGen       total 61440K, used 3980K [0x00000000c0000000, 0x00000000c3c00000, 0x00000000eab00000)
  object space 61440K, 6% used [0x00000000c0000000,0x00000000c03e3240,0x00000000c3c00000)
 Metaspace       used 5834K, capacity 6960K, committed 7040K, reserved 1058816K
  class space    used 563K, capacity 616K, committed 640K, reserved 1048576K

Card table byte_map: [0x0000000002eb0000,0x00000000030c0000] byte_map_base: 0x00000000028b0000

Marking Bits: (ParMarkBitMap*) 0x00000000593a18f0
 Begin Bits: [0x0000000003620000, 0x0000000004620000)
 End Bits:   [0x0000000004620000, 0x0000000005620000)

Polling page: 0x0000000000f20000

CodeCache: size=245760Kb used=4730Kb max_used=4730Kb free=241029Kb
 bounds [0x000000000c4c0000, 0x000000000c970000, 0x000000001b4c0000]
 total_blobs=1461 nmethods=1199 adapters=176
 compilation: enabled

Compilation events (10 events):
Event: 6.785 Thread 0x000000000621b000 nmethod 1213 0x000000000c95ec90 code [0x000000000c95ee20, 0x000000000c95efa8]
Event: 6.785 Thread 0x000000000621b000 1214       3       java.util.HashMap::<init> (98 bytes)
Event: 6.787 Thread 0x000000000621b000 nmethod 1214 0x000000000c95f050 code [0x000000000c95f2e0, 0x000000000c9604c8]
Event: 6.787 Thread 0x000000000621b000 1215       3       java.util.Vector::<init> (49 bytes)
Event: 6.788 Thread 0x000000000621b000 nmethod 1215 0x000000000c960cd0 code [0x000000000c960ec0, 0x000000000c9618b8]
Event: 6.788 Thread 0x000000000621b000 1217       3       com.android.dx.cf.code.OneLocalsArray::getMaxLocals (6 bytes)
Event: 6.788 Thread 0x000000000621b000 nmethod 1217 0x000000000c961d50 code [0x000000000c961ea0, 0x000000000c961ff0]
Event: 6.788 Thread 0x000000000621b000 1218       3       com.android.dx.rop.cst.CstType::getType (4 bytes)
Event: 6.788 Thread 0x000000000621b000 nmethod 1218 0x000000000c962090 code [0x000000000c9621e0, 0x000000000c962330]
Event: 6.788 Thread 0x000000000621b000 1216       3       com.android.dx.cf.code.Simulator$SimVisitor::visitNoArgs (2136 bytes)

GC Heap History (4 events):
Event: 6.095 GC heap before
{Heap before GC invocations=1 (full 0):
 PSYoungGen      total 38400K, used 21572K [0x00000000eab00000, 0x00000000ed580000, 0x0000000100000000)
  eden space 33280K, 64% used [0x00000000eab00000,0x00000000ec011390,0x00000000ecb80000)
  from space 5120K, 0% used [0x00000000ed080000,0x00000000ed080000,0x00000000ed580000)
  to   space 5120K, 0% used [0x00000000ecb80000,0x00000000ecb80000,0x00000000ed080000)
 ParOldGen       total 87552K, used 0K [0x00000000c0000000, 0x00000000c5580000, 0x00000000eab00000)
  object space 87552K, 0% used [0x00000000c0000000,0x00000000c0000000,0x00000000c5580000)
 Metaspace       used 5581K, capacity 6704K, committed 6784K, reserved 1060864K
  class space    used 557K, capacity 616K, committed 640K, reserved 1048576K
Event: 6.144 GC heap after
Heap after GC invocations=1 (full 0):
 PSYoungGen      total 38400K, used 4239K [0x00000000eab00000, 0x00000000ed580000, 0x0000000100000000)
  eden space 33280K, 0% used [0x00000000eab00000,0x00000000eab00000,0x00000000ecb80000)
  from space 5120K, 82% used [0x00000000ecb80000,0x00000000ecfa3f18,0x00000000ed080000)
  to   space 5120K, 0% used [0x00000000ed080000,0x00000000ed080000,0x00000000ed580000)
 ParOldGen       total 87552K, used 8K [0x00000000c0000000, 0x00000000c5580000, 0x00000000eab00000)
  object space 87552K, 0% used [0x00000000c0000000,0x00000000c0002000,0x00000000c5580000)
 Metaspace       used 5581K, capacity 6704K, committed 6784K, reserved 1060864K
  class space    used 557K, capacity 616K, committed 640K, reserved 1048576K
}
Event: 6.144 GC heap before
{Heap before GC invocations=2 (full 1):
 PSYoungGen      total 38400K, used 4239K [0x00000000eab00000, 0x00000000ed580000, 0x0000000100000000)
  eden space 33280K, 0% used [0x00000000eab00000,0x00000000eab00000,0x00000000ecb80000)
  from space 5120K, 82% used [0x00000000ecb80000,0x00000000ecfa3f18,0x00000000ed080000)
  to   space 5120K, 0% used [0x00000000ed080000,0x00000000ed080000,0x00000000ed580000)
 ParOldGen       total 87552K, used 8K [0x00000000c0000000, 0x00000000c5580000, 0x00000000eab00000)
  object space 87552K, 0% used [0x00000000c0000000,0x00000000c0002000,0x00000000c5580000)
 Metaspace       used 5581K, capacity 6704K, committed 6784K, reserved 1060864K
  class space    used 557K, capacity 616K, committed 640K, reserved 1048576K
Event: 6.264 GC heap after
Heap after GC invocations=2 (full 1):
 PSYoungGen      total 38400K, used 0K [0x00000000eab00000, 0x00000000ed580000, 0x0000000100000000)
  eden space 33280K, 0% used [0x00000000eab00000,0x00000000eab00000,0x00000000ecb80000)
  from space 5120K, 0% used [0x00000000ecb80000,0x00000000ecb80000,0x00000000ed080000)
  to   space 5120K, 0% used [0x00000000ed080000,0x00000000ed080000,0x00000000ed580000)
 ParOldGen       total 61440K, used 3980K [0x00000000c0000000, 0x00000000c3c00000, 0x00000000eab00000)
  object space 61440K, 6% used [0x00000000c0000000,0x00000000c03e3240,0x00000000c3c00000)
 Metaspace       used 5581K, capacity 6704K, committed 6784K, reserved 1058816K
  class space    used 557K, capacity 616K, committed 640K, reserved 1048576K
}

Deoptimization events (10 events):
Event: 6.276 Thread 0x0000000007d49800 Uncommon trap: reason=class_check action=maybe_recompile pc=0x000000000c79fcb4 method=com.android.dx.rop.type.Type.equals(Ljava/lang/Object;)Z @ 8
Event: 6.277 Thread 0x0000000007d49800 Uncommon trap: reason=unstable_if action=reinterpret pc=0x000000000c6da81c method=java.util.HashMap.getNode(ILjava/lang/Object;)Ljava/util/HashMap$Node; @ 129
Event: 6.281 Thread 0x0000000007d49800 Uncommon trap: reason=unstable_if action=reinterpret pc=0x000000000c77e6f4 method=java.util.BitSet.ensureCapacity(I)V @ 6
Event: 6.289 Thread 0x0000000007d49800 Uncommon trap: reason=unstable_if action=reinterpret pc=0x000000000c7ab59c method=com.android.dx.rop.cst.Constant.compareTo(Lcom/android/dx/rop/cst/Constant;)I @ 12
Event: 6.588 Thread 0x0000000007d48800 Uncommon trap: reason=class_check action=maybe_recompile pc=0x000000000c7b6814 method=com.android.dx.ssa.NormalSsaInsn.accept(Lcom/android/dx/ssa/SsaInsn$Visitor;)V @ 9
Event: 6.588 Thread 0x0000000007d48800 Uncommon trap: reason=class_check action=maybe_recompile pc=0x000000000c7b6814 method=com.android.dx.ssa.NormalSsaInsn.accept(Lcom/android/dx/ssa/SsaInsn$Visitor;)V @ 9
Event: 6.589 Thread 0x0000000007d48800 Uncommon trap: reason=class_check action=maybe_recompile pc=0x000000000c7b6814 method=com.android.dx.ssa.NormalSsaInsn.accept(Lcom/android/dx/ssa/SsaInsn$Visitor;)V @ 9
Event: 6.589 Thread 0x0000000007d48800 Uncommon trap: reason=class_check action=maybe_recompile pc=0x000000000c76c8f0 method=com.android.dx.ssa.NormalSsaInsn.accept(Lcom/android/dx/ssa/SsaInsn$Visitor;)V @ 9
Event: 6.714 Thread 0x0000000007d49800 Uncommon trap: reason=null_check action=make_not_entrant pc=0x000000000c94992c method=com.android.dx.ssa.SsaRenamer.getLocalForNewReg(I)Lcom/android/dx/rop/code/LocalItem; @ 19
Event: 6.714 Thread 0x0000000007d49800 Uncommon trap: reason=null_check action=make_not_entrant pc=0x000000000c92186c method=com.android.dx.ssa.SsaRenamer.getLocalForNewReg(I)Lcom/android/dx/rop/code/LocalItem; @ 19

Internal exceptions (4 events):
Event: 0.356 Thread 0x000000000287e000 Exception <a 'java/lang/NoSuchMethodError': Method sun.misc.Unsafe.defineClass(Ljava/lang/String;[BII)Ljava/lang/Class; name or signature does not match> (0x00000000eab07c78) thrown at [C:\src\android\AOSP-openjdk\external\jetbrains\jdk\hotspot\src\share\v|'æüG…÷?
Event: 0.356 Thread 0x000000000287e000 Exception <a 'java/lang/NoSuchMethodError': Method sun.misc.Unsafe.prefetchRead(Ljava/lang/Object;J)V name or signature does not match> (0x00000000eab07f60) thrown at [C:\src\android\AOSP-openjdk\external\jetbrains\jdk\hotspot\src\share\vm\prims\jni.cpp, lÜØ{ê≠⁄@
Event: 6.714 Thread 0x0000000007d49800 Implicit null exception at 0x000000000c948454 to 0x000000000c9498e5
Event: 6.714 Thread 0x0000000007d49800 Implicit null exception at 0x000000000c920630 to 0x000000000c921845

Events (10 events):
Event: 6.589 Thread 0x0000000007d48800 DEOPT UNPACKING pc=0x000000000c50556a sp=0x00000000084fe9a0 mode 2
Event: 6.589 Thread 0x0000000007d48800 Uncommon trap: trap_request=0xffffffde fr.pc=0x000000000c76c8f0
Event: 6.589 Thread 0x0000000007d48800 DEOPT PACKING pc=0x000000000c76c8f0 sp=0x00000000084fea20
Event: 6.589 Thread 0x0000000007d48800 DEOPT UNPACKING pc=0x000000000c50556a sp=0x00000000084fe9c0 mode 2
Event: 6.714 Thread 0x0000000007d49800 Uncommon trap: trap_request=0xfffffff4 fr.pc=0x000000000c94992c
Event: 6.714 Thread 0x0000000007d49800 DEOPT PACKING pc=0x000000000c94992c sp=0x00000000085fe640
Event: 6.714 Thread 0x0000000007d49800 DEOPT UNPACKING pc=0x000000000c50556a sp=0x00000000085fe448 mode 2
Event: 6.714 Thread 0x0000000007d49800 Uncommon trap: trap_request=0xfffffff4 fr.pc=0x000000000c92186c
Event: 6.714 Thread 0x0000000007d49800 DEOPT PACKING pc=0x000000000c92186c sp=0x00000000085fe5d0
Event: 6.714 Thread 0x0000000007d49800 DEOPT UNPACKING pc=0x000000000c50556a sp=0x00000000085fe438 mode 2


Dynamic libraries:
0x00007ff69e6c0000 - 0x00007ff69e6f1000 	C:\Program Files\Android\Android Studio\jre\bin\java.exe
0x00007fff9d3d0000 - 0x00007fff9d57d000 	C:\Windows\SYSTEM32\ntdll.dll
0x00007fff9b2f0000 - 0x00007fff9b42e000 	C:\Windows\system32\KERNEL32.DLL
0x00007fff9a8b0000 - 0x00007fff9a9c5000 	C:\Windows\system32\KERNELBASE.dll
0x00007fff9cdc0000 - 0x00007fff9ce6a000 	C:\Windows\system32\ADVAPI32.dll
0x00007fff9cf30000 - 0x00007fff9d0a7000 	C:\Windows\system32\USER32.dll
0x00007fff98940000 - 0x00007fff98bba000 	C:\Windows\WinSxS\amd64_microsoft.windows.common-controls_6595b64144ccf1df_6.0.9600.17810_none_6240b9c7ecbd0bda\COMCTL32.dll
0x00007fff9d320000 - 0x00007fff9d3ca000 	C:\Windows\system32\msvcrt.dll
0x00007fff9b430000 - 0x00007fff9b489000 	C:\Windows\SYSTEM32\sechost.dll
0x00007fff9ad90000 - 0x00007fff9aed0000 	C:\Windows\system32\RPCRT4.dll
0x00007fff9ac40000 - 0x00007fff9ad8f000 	C:\Windows\system32\GDI32.dll
0x00007fff9aa20000 - 0x00007fff9aa4e000 	C:\Windows\system32\SspiCli.dll
0x00007fff9cd80000 - 0x00007fff9cdb6000 	C:\Windows\system32\IMM32.DLL
0x00007fff9afb0000 - 0x00007fff9b102000 	C:\Windows\system32\MSCTF.dll
0x000000005afb0000 - 0x000000005b01c000 	c:\program files (x86)\f-secure\hips\fshook64.dll
0x00007fff9aa50000 - 0x00007fff9aa57000 	C:\Windows\system32\PSAPI.DLL
0x0000000058840000 - 0x0000000058912000 	C:\Program Files\Android\Android Studio\jre\jre\bin\msvcr100.dll
0x0000000058be0000 - 0x000000005941c000 	C:\Program Files\Android\Android Studio\jre\jre\bin\server\jvm.dll
0x00007fff91f20000 - 0x00007fff91f29000 	C:\Windows\SYSTEM32\WSOCK32.dll
0x00007fff983b0000 - 0x00007fff983d2000 	C:\Windows\SYSTEM32\WINMM.dll
0x00007fff983e0000 - 0x00007fff983ea000 	C:\Windows\SYSTEM32\VERSION.dll
0x00007fff9ced0000 - 0x00007fff9cf2a000 	C:\Windows\system32\WS2_32.dll
0x00007fff97fe0000 - 0x00007fff9800a000 	C:\Windows\SYSTEM32\WINMMBASE.dll
0x00007fff9b490000 - 0x00007fff9b499000 	C:\Windows\system32\NSI.dll
0x00007fff9a9d0000 - 0x00007fff9aa1f000 	C:\Windows\SYSTEM32\cfgmgr32.dll
0x00007fff99320000 - 0x00007fff99348000 	C:\Windows\SYSTEM32\DEVOBJ.dll
0x00007fff8f460000 - 0x00007fff8f46f000 	C:\Program Files\Android\Android Studio\jre\jre\bin\verify.dll
0x00007fff87650000 - 0x00007fff87679000 	C:\Program Files\Android\Android Studio\jre\jre\bin\java.dll
0x00007fff8b9a0000 - 0x00007fff8b9b6000 	C:\Program Files\Android\Android Studio\jre\jre\bin\zip.dll
0x00007fff9b850000 - 0x00007fff9cd78000 	C:\Windows\system32\SHELL32.dll
0x00007fff9b4a0000 - 0x00007fff9b6b1000 	C:\Windows\SYSTEM32\combase.dll
0x00007fff9b6c0000 - 0x00007fff9b714000 	C:\Windows\system32\SHLWAPI.dll
0x00007fff99070000 - 0x00007fff99122000 	C:\Windows\SYSTEM32\SHCORE.dll
0x00007fff9a4f0000 - 0x00007fff9a505000 	C:\Windows\SYSTEM32\profapi.dll

VM Arguments:
jvm_args: -Djava.awt.headless=true -Xmx1024M -Dfile.encoding=windows-1252 -Duser.country=US -Duser.language=en -Duser.variant 
java_command: com.android.dx.command.Main --dex --num-threads=4 --output C:\Users\100487239\Desktop\INA-master\app\build\intermediates\pre-dexed\debug\internal_impl-24.2.1_f7f15b826dc93e6d02a5ff679636856ea299166f.jar C:\Users\100487239\Desktop\INA-master\app\build\intermediates\exploded-aar\com.android.support\support-compat\24.2.1\jars\libs\internal_impl-24.2.1.jar
java_class_path (initial): C:\Users\100487239\AppData\Local\Android\sdk\build-tools\24.0.2\lib\dx.jar
Launcher Type: SUN_STANDARD

Environment Variables:
CLASSPATH=C:\Antlr\antlr-4.5.2-complete.jar
PATH=C:\Windows\system32;C:\Windows;C:\Windows\System32\Wbem;C:\Windows\System32\WindowsPowerShell\v1.0\;C:\Program Files (x86)\QuickTime\QTSystem\;c:\Program Files (x86)\Microsoft SQL Server\100\Tools\Binn\;c:\Program Files\Microsoft SQL Server\100\Tools\Binn\;c:\Program Files\Microsoft SQL Server\100\DTS\Binn\;C:\Program Files (x86)\Windows Kits\8.1\Windows Performance Toolkit\;C:\Program Files\Microsoft SQL Server\110\Tools\Binn\;C:\Program Files\Java\jdk1.8.0_45\bin;C:\Program Files\Microsoft\Web Platform Installer\;C:\Antlr;C:\MinGW\bin;C:\MinGW\lib;C:\MinGW\include;C:\Program Files\Git\cmd;C:\Program Files\nodejs\;C:\Program Files (x86)\Apache Software Foundation\PHP;C:\ProgramData\ComposerSetup\bin;C:\Program Files\MATLAB\R2016a\runtime\win64;C:\Program Files\MATLAB\R2016a\bin;C:\Program Files (x86)\Skype\Phone\;C:\MinGW\bin;C:\MinGW\include;C:\Program Files\Heroku\bin;C:\Users\100487239\AppData\Local\atom\bin;C:\Users\100487239\AppData\Roaming\npm;C:\Users\100487239\AppData\Roaming\Composer\vendor\bin;C:\Users\100487239\AppData\Local\Google\Cloud SDK\google-cloud-sdk\bin
USERNAME=100487239
OS=Windows_NT
PROCESSOR_IDENTIFIER=Intel64 Family 6 Model 61 Stepping 4, GenuineIntel



---------------  S Y S T E M  ---------------

OS: Windows 8.1 , 64 bit Build 9600 (6.3.9600.17415)

CPU:total 4 (2 cores per cpu, 2 threads per core) family 6 model 61 stepping 4, cmov, cx8, fxsr, mmx, sse, sse2, sse3, ssse3, sse4.1, sse4.2, popcnt, avx, avx2, aes, clmul, erms, rtm, 3dnowpref, lzcnt, ht, tsc, tscinvbit, bmi1, bmi2, adx

Memory: 4k page, physical 8274232k(959796k free), swap 11419960k(4088k free)

vm_info: OpenJDK 64-Bit Server VM (25.112-b06) for windows-amd64 JRE (1.8.0_112-release-b06), built on Dec  8 2016 00:54:26 by "builder" with MS VC++ 10.0 (VS2010)

time: Mon Apr 03 01:25:45 2017
elapsed time: 6 seconds (0d 0h 0m 6s)

