#
# There is insufficient memory for the Java Runtime Environment to continue.
# Native memory allocation (malloc) failed to allocate 32744 bytes for ChunkPool::allocate
# Possible reasons:
#   The system is out of physical RAM or swap space
#   In 32 bit mode, the process size limit was hit
# Possible solutions:
#   Reduce memory load on the system
#   Increase physical memory or swap space
#   Check if swap backing store is full
#   Use 64 bit Java on a 64 bit OS
#   Decrease Java heap size (-Xmx/-Xms)
#   Decrease number of Java threads
#   Decrease Java thread stack sizes (-Xss)
#   Set larger code cache with -XX:ReservedCodeCacheSize=
# This output file may be truncated or incomplete.
#
#  Out of Memory Error (allocation.cpp:273), pid=49588, tid=0x000000000000ae18
#
# JRE version: OpenJDK Runtime Environment (8.0_112-b06) (build 1.8.0_112-release-b06)
# Java VM: OpenJDK 64-Bit Server VM (25.112-b06 mixed mode windows-amd64 compressed oops)
# Failed to write core dump. Minidumps are not enabled by default on client versions of Windows
#

---------------  T H R E A D  ---------------

Current thread (0x0000000005a9c800):  JavaThread "C2 CompilerThread0" daemon [_thread_in_vm, id=44568, stack(0x00000000070e0000,0x00000000071e0000)]

Stack: [0x00000000070e0000,0x00000000071e0000]
[error occurred during error reporting (printing stack bounds), id 0xc0000005]

Native frames: (J=compiled Java code, j=interpreted, Vv=VM code, C=native code)


---------------  P R O C E S S  ---------------

Java Threads: ( => current thread )
  0x0000000005adc000 JavaThread "C1 CompilerThread2" daemon [_thread_blocked, id=52584, stack(0x00000000072e0000,0x00000000073e0000)]
  0x0000000005ad3000 JavaThread "C2 CompilerThread1" daemon [_thread_in_vm, id=54484, stack(0x00000000071e0000,0x00000000072e0000)]
=>0x0000000005a9c800 JavaThread "C2 CompilerThread0" daemon [_thread_in_vm, id=44568, stack(0x00000000070e0000,0x00000000071e0000)]
  0x0000000005a9a800 JavaThread "Attach Listener" daemon [_thread_blocked, id=55068, stack(0x0000000006fe0000,0x00000000070e0000)]
  0x0000000005a99000 JavaThread "Signal Dispatcher" daemon [_thread_blocked, id=51208, stack(0x0000000006ee0000,0x0000000006fe0000)]
  0x00000000023cc000 JavaThread "Finalizer" daemon [_thread_blocked, id=53012, stack(0x0000000006d00000,0x0000000006e00000)]
  0x00000000023c1000 JavaThread "Reference Handler" daemon [_thread_blocked, id=54100, stack(0x0000000006c00000,0x0000000006d00000)]
  0x00000000022ce000 JavaThread "main" [_thread_in_native, id=53068, stack(0x0000000002110000,0x0000000002210000)]

Other Threads:
  0x0000000005a66800 VMThread [stack: 0x0000000006b00000,0x0000000006c00000] [id=54776]

VM state:not at safepoint (normal execution)

VM Mutex/Monitor currently owned by a thread: None

Heap:
 PSYoungGen      total 38400K, used 665K [0x00000000eab00000, 0x00000000ed580000, 0x0000000100000000)
  eden space 33280K, 2% used [0x00000000eab00000,0x00000000eaba6670,0x00000000ecb80000)
  from space 5120K, 0% used [0x00000000ed080000,0x00000000ed080000,0x00000000ed580000)
  to   space 5120K, 0% used [0x00000000ecb80000,0x00000000ecb80000,0x00000000ed080000)
 ParOldGen       total 87552K, used 0K [0x00000000c0000000, 0x00000000c5580000, 0x00000000eab00000)
  object space 87552K, 0% used [0x00000000c0000000,0x00000000c0000000,0x00000000c5580000)
 Metaspace       used 2066K, capacity 4480K, committed 4480K, reserved 1056768K
  class space    used 222K, capacity 384K, committed 384K, reserved 1048576K

Card table byte_map: [0x0000000002790000,0x00000000029a0000] byte_map_base: 0x0000000002190000

Marking Bits: (ParMarkBitMap*) 0x00000000593a18f0
 Begin Bits: [0x0000000002f00000, 0x0000000003f00000)
 End Bits:   [0x0000000003f00000, 0x0000000004f00000)

Polling page: 0x0000000000710000

CodeCache: size=245760Kb used=1018Kb max_used=1018Kb free=244741Kb
 bounds [0x0000000007830000, 0x0000000007aa0000, 0x0000000016830000]
 total_blobs=196 nmethods=0 adapters=126
 compilation: enabled

Compilation events (0 events):
No events

GC Heap History (0 events):
No events

Deoptimization events (0 events):
No events

Internal exceptions (2 events):
Event: 0.194 Thread 0x00000000022ce000 Exception <a 'java/lang/NoSuchMethodError': Method sun.misc.Unsafe.defineClass(Ljava/lang/String;[BII)Ljava/lang/Class; name or signature does not match> (0x00000000eab07c78) thrown at [C:\src\android\AOSP-openjdk\external\jetbrains\jdk\hotspot\src\share\vÛÂc<lÖÈ?
Event: 0.194 Thread 0x00000000022ce000 Exception <a 'java/lang/NoSuchMethodError': Method sun.misc.Unsafe.prefetchRead(Ljava/lang/Object;J)V name or signature does not match> (0x00000000eab07f60) thrown at [C:\src\android\AOSP-openjdk\external\jetbrains\jdk\hotspot\src\share\vm\prims\jni.cpp, l

Events (10 events):
Event: 0.408 loading class sun/misc/URLClassPath done
Event: 0.408 loading class sun/net/www/protocol/jar/Handler
Event: 0.409 loading class sun/net/www/protocol/jar/Handler done
Event: 0.410 loading class sun/misc/Launcher$AppClassLoader$1
Event: 0.410 loading class sun/misc/Launcher$AppClassLoader$1 done
Event: 0.696 loading class java/lang/SystemClassLoaderAction
Event: 0.696 loading class java/lang/SystemClassLoaderAction done
Event: 0.696 Thread 0x0000000005a99000 Thread added: 0x0000000005a99000
Event: 0.697 Thread 0x0000000005a9a800 Thread added: 0x0000000005a9a800
Event: 0.697 Thread 0x0000000005a9c800 Thread added: 0x0000000005a9c800


Dynamic libraries:
0x00007ff69e6c0000 - 0x00007ff69e6f1000 	C:\Program Files\Android\Android Studio\jre\bin\java.exe
0x00007fff9d3d0000 - 0x00007fff9d57d000 	C:\Windows\SYSTEM32\ntdll.dll
0x00007fff9b2f0000 - 0x00007fff9b42e000 	C:\Windows\system32\KERNEL32.DLL
0x00007fff9a8b0000 - 0x00007fff9a9c5000 	C:\Windows\system32\KERNELBASE.dll
0x00007fff9cdc0000 - 0x00007fff9ce6a000 	C:\Windows\system32\ADVAPI32.dll
0x00007fff9cf30000 - 0x00007fff9d0a7000 	C:\Windows\system32\USER32.dll
0x00007fff98940000 - 0x00007fff98bba000 	C:\Windows\WinSxS\amd64_microsoft.windows.common-controls_6595b64144ccf1df_6.0.9600.17810_none_6240b9c7ecbd0bda\COMCTL32.dll
0x00007fff9d320000 - 0x00007fff9d3ca000 	C:\Windows\system32\msvcrt.dll
0x00007fff9b430000 - 0x00007fff9b489000 	C:\Windows\SYSTEM32\sechost.dll
0x00007fff9ad90000 - 0x00007fff9aed0000 	C:\Windows\system32\RPCRT4.dll
0x00007fff9ac40000 - 0x00007fff9ad8f000 	C:\Windows\system32\GDI32.dll
0x00007fff9aa20000 - 0x00007fff9aa4e000 	C:\Windows\system32\SspiCli.dll
0x00007fff9cd80000 - 0x00007fff9cdb6000 	C:\Windows\system32\IMM32.DLL
0x00007fff9afb0000 - 0x00007fff9b102000 	C:\Windows\system32\MSCTF.dll
0x000000005afb0000 - 0x000000005b01c000 	c:\program files (x86)\f-secure\hips\fshook64.dll
0x00007fff9aa50000 - 0x00007fff9aa57000 	C:\Windows\system32\PSAPI.DLL
0x0000000058840000 - 0x0000000058912000 	C:\Program Files\Android\Android Studio\jre\jre\bin\msvcr100.dll
0x0000000058be0000 - 0x000000005941c000 	C:\Program Files\Android\Android Studio\jre\jre\bin\server\jvm.dll
0x00007fff91f20000 - 0x00007fff91f29000 	C:\Windows\SYSTEM32\WSOCK32.dll
0x00007fff983b0000 - 0x00007fff983d2000 	C:\Windows\SYSTEM32\WINMM.dll
0x00007fff983e0000 - 0x00007fff983ea000 	C:\Windows\SYSTEM32\VERSION.dll
0x00007fff9ced0000 - 0x00007fff9cf2a000 	C:\Windows\system32\WS2_32.dll
0x00007fff97fe0000 - 0x00007fff9800a000 	C:\Windows\SYSTEM32\WINMMBASE.dll
0x00007fff9b490000 - 0x00007fff9b499000 	C:\Windows\system32\NSI.dll
0x00007fff9a9d0000 - 0x00007fff9aa1f000 	C:\Windows\SYSTEM32\cfgmgr32.dll
0x00007fff99320000 - 0x00007fff99348000 	C:\Windows\SYSTEM32\DEVOBJ.dll
0x00007fff8f460000 - 0x00007fff8f46f000 	C:\Program Files\Android\Android Studio\jre\jre\bin\verify.dll
0x00007fff87650000 - 0x00007fff87679000 	C:\Program Files\Android\Android Studio\jre\jre\bin\java.dll
0x00007fff8b9a0000 - 0x00007fff8b9b6000 	C:\Program Files\Android\Android Studio\jre\jre\bin\zip.dll
0x00007fff9b850000 - 0x00007fff9cd78000 	C:\Windows\system32\SHELL32.dll
0x00007fff9b4a0000 - 0x00007fff9b6b1000 	C:\Windows\SYSTEM32\combase.dll
0x00007fff9b6c0000 - 0x00007fff9b714000 	C:\Windows\system32\SHLWAPI.dll
0x00007fff99070000 - 0x00007fff99122000 	C:\Windows\SYSTEM32\SHCORE.dll
0x00007fff9a4f0000 - 0x00007fff9a505000 	C:\Windows\SYSTEM32\profapi.dll

VM Arguments:
jvm_args: -Djava.awt.headless=true -Xmx1024M -Dfile.encoding=windows-1252 -Duser.country=US -Duser.language=en -Duser.variant 
java_command: com.android.dx.command.Main --dex --num-threads=4 --output C:\Users\100487239\Desktop\INA-master\app\build\intermediates\pre-dexed\debug\com.android.support-design-24.2.1_6284943101bd9ee5f91f8c5261516fc5dbe3af3d.jar C:\Users\100487239\Desktop\INA-master\app\build\intermediates\exploded-aar\com.android.support\design\24.2.1\jars\classes.jar
java_class_path (initial): C:\Users\100487239\AppData\Local\Android\sdk\build-tools\24.0.2\lib\dx.jar
Launcher Type: SUN_STANDARD

Environment Variables:
CLASSPATH=C:\Antlr\antlr-4.5.2-complete.jar
PATH=C:\Windows\system32;C:\Windows;C:\Windows\System32\Wbem;C:\Windows\System32\WindowsPowerShell\v1.0\;C:\Program Files (x86)\QuickTime\QTSystem\;c:\Program Files (x86)\Microsoft SQL Server\100\Tools\Binn\;c:\Program Files\Microsoft SQL Server\100\Tools\Binn\;c:\Program Files\Microsoft SQL Server\100\DTS\Binn\;C:\Program Files (x86)\Windows Kits\8.1\Windows Performance Toolkit\;C:\Program Files\Microsoft SQL Server\110\Tools\Binn\;C:\Program Files\Java\jdk1.8.0_45\bin;C:\Program Files\Microsoft\Web Platform Installer\;C:\Antlr;C:\MinGW\bin;C:\MinGW\lib;C:\MinGW\include;C:\Program Files\Git\cmd;C:\Program Files\nodejs\;C:\Program Files (x86)\Apache Software Foundation\PHP;C:\ProgramData\ComposerSetup\bin;C:\Program Files\MATLAB\R2016a\runtime\win64;C:\Program Files\MATLAB\R2016a\bin;C:\Program Files (x86)\Skype\Phone\;C:\MinGW\bin;C:\MinGW\include;C:\Program Files\Heroku\bin;C:\Users\100487239\AppData\Local\atom\bin;C:\Users\100487239\AppData\Roaming\npm;C:\Users\100487239\AppData\Roaming\Composer\vendor\bin;C:\Users\100487239\AppData\Local\Google\Cloud SDK\google-cloud-sdk\bin
USERNAME=100487239
OS=Windows_NT
PROCESSOR_IDENTIFIER=Intel64 Family 6 Model 61 Stepping 4, GenuineIntel



---------------  S Y S T E M  ---------------

OS: Windows 8.1 , 64 bit Build 9600 (6.3.9600.17415)

CPU:total 4 (2 cores per cpu, 2 threads per core) family 6 model 61 stepping 4, cmov, cx8, fxsr, mmx, sse, sse2, sse3, ssse3, sse4.1, sse4.2, popcnt, avx, avx2, aes, clmul, erms, rtm, 3dnowpref, lzcnt, ht, tsc, tscinvbit, bmi1, bmi2, adx

Memory: 4k page, physical 8274232k(1124888k free), swap 11419960k(4156k free)

vm_info: OpenJDK 64-Bit Server VM (25.112-b06) for windows-amd64 JRE (1.8.0_112-release-b06), built on Dec  8 2016 00:54:26 by "builder" with MS VC++ 10.0 (VS2010)

time: Mon Apr 03 01:25:26 2017
elapsed time: 0 seconds (0d 0h 0m 0s)

