#
# There is insufficient memory for the Java Runtime Environment to continue.
# Native memory allocation (malloc) failed to allocate 500496 bytes for Chunk::new
# Possible reasons:
#   The system is out of physical RAM or swap space
#   In 32 bit mode, the process size limit was hit
# Possible solutions:
#   Reduce memory load on the system
#   Increase physical memory or swap space
#   Check if swap backing store is full
#   Use 64 bit Java on a 64 bit OS
#   Decrease Java heap size (-Xmx/-Xms)
#   Decrease number of Java threads
#   Decrease Java thread stack sizes (-Xss)
#   Set larger code cache with -XX:ReservedCodeCacheSize=
# This output file may be truncated or incomplete.
#
#  Out of Memory Error (allocation.cpp:390), pid=54628, tid=0x000000000000b780
#
# JRE version: OpenJDK Runtime Environment (8.0_112-b06) (build 1.8.0_112-release-b06)
# Java VM: OpenJDK 64-Bit Server VM (25.112-b06 mixed mode windows-amd64 compressed oops)
# Failed to write core dump. Minidumps are not enabled by default on client versions of Windows
#

---------------  T H R E A D  ---------------

Current thread (0x0000000005f2e800):  JavaThread "C2 CompilerThread0" daemon [_thread_in_native, id=46976, stack(0x0000000007570000,0x0000000007670000)]

Stack: [0x0000000007570000,0x0000000007670000]
[error occurred during error reporting (printing stack bounds), id 0xc0000005]

Native frames: (J=compiled Java code, j=interpreted, Vv=VM code, C=native code)


Current CompileTask:
C2:   5053 1318       4       com.android.dx.dex.code.OutputFinisher::addConstants (93 bytes)


---------------  P R O C E S S  ---------------

Java Threads: ( => current thread )
  0x0000000000c3e000 JavaThread "DestroyJavaVM" [_thread_blocked, id=55416, stack(0x0000000002660000,0x0000000002760000)]
  0x0000000005f8c800 JavaThread "Service Thread" daemon [_thread_blocked, id=53140, stack(0x0000000007c70000,0x0000000007d70000)]
  0x0000000007780800 JavaThread "C1 CompilerThread2" daemon [_thread_blocked, id=51604, stack(0x0000000007b70000,0x0000000007c70000)]
  0x0000000005f7f800 JavaThread "C2 CompilerThread1" daemon [_thread_blocked, id=54904, stack(0x0000000007670000,0x0000000007770000)]
=>0x0000000005f2e800 JavaThread "C2 CompilerThread0" daemon [_thread_in_native, id=46976, stack(0x0000000007570000,0x0000000007670000)]
  0x0000000005f2c800 JavaThread "Attach Listener" daemon [_thread_blocked, id=34224, stack(0x0000000007470000,0x0000000007570000)]
  0x0000000005f2b000 JavaThread "Signal Dispatcher" daemon [_thread_blocked, id=49268, stack(0x0000000007370000,0x0000000007470000)]
  0x000000000285c000 JavaThread "Finalizer" daemon [_thread_blocked, id=55856, stack(0x0000000007190000,0x0000000007290000)]
  0x0000000002851000 JavaThread "Reference Handler" daemon [_thread_blocked, id=55016, stack(0x0000000007090000,0x0000000007190000)]

Other Threads:
  0x0000000005ef5800 VMThread [stack: 0x0000000006f90000,0x0000000007090000] [id=52468]
  0x0000000005f8e000 WatcherThread [stack: 0x0000000007d70000,0x0000000007e70000] [id=41392]

VM state:not at safepoint (normal execution)

VM Mutex/Monitor currently owned by a thread: None

Heap:
 PSYoungGen      total 38400K, used 32665K [0x00000000eab00000, 0x00000000ed580000, 0x0000000100000000)
  eden space 33280K, 98% used [0x00000000eab00000,0x00000000ecae65b0,0x00000000ecb80000)
  from space 5120K, 0% used [0x00000000ed080000,0x00000000ed080000,0x00000000ed580000)
  to   space 5120K, 0% used [0x00000000ecb80000,0x00000000ecb80000,0x00000000ed080000)
 ParOldGen       total 87552K, used 0K [0x00000000c0000000, 0x00000000c5580000, 0x00000000eab00000)
  object space 87552K, 0% used [0x00000000c0000000,0x00000000c0000000,0x00000000c5580000)
 Metaspace       used 6847K, capacity 7480K, committed 7680K, reserved 1056768K
  class space    used 652K, capacity 688K, committed 768K, reserved 1048576K

Card table byte_map: [0x0000000002c20000,0x0000000002e30000] byte_map_base: 0x0000000002620000

Marking Bits: (ParMarkBitMap*) 0x00000000593a18f0
 Begin Bits: [0x0000000003390000, 0x0000000004390000)
 End Bits:   [0x0000000004390000, 0x0000000005390000)

Polling page: 0x0000000000c20000

CodeCache: size=245760Kb used=6183Kb max_used=6183Kb free=239576Kb
 bounds [0x000000000b860000, 0x000000000be70000, 0x000000001a860000]
 total_blobs=1853 nmethods=1575 adapters=192
 compilation: enabled

Compilation events (10 events):
Event: 4.768 Thread 0x0000000007780800 1426       3       com.android.dx.dex.code.LocalList::set (7 bytes)
Event: 4.769 Thread 0x0000000007780800 nmethod 1426 0x000000000bdec310 code [0x000000000bdec4e0, 0x000000000bdeccc8]
Event: 4.769 Thread 0x0000000007780800 1414       1       com.android.dx.dex.code.form.Form21c::codeSize (2 bytes)
Event: 4.769 Thread 0x0000000007780800 nmethod 1414 0x000000000bded290 code [0x000000000bded3e0, 0x000000000bded4f0]
Event: 4.769 Thread 0x0000000007780800 1419   !   3       com.android.dx.rop.code.RegisterSpecSet::remove (30 bytes)
Event: 4.769 Thread 0x0000000007780800 nmethod 1419 0x000000000bded550 code [0x000000000bded6e0, 0x000000000bdedb28]
Event: 4.769 Thread 0x0000000007780800 1408       1       com.android.dx.dex.code.form.Form11x::codeSize (2 bytes)
Event: 4.769 Thread 0x0000000007780800 nmethod 1408 0x000000000bdedd50 code [0x000000000bdedea0, 0x000000000bdedfb0]
Event: 4.769 Thread 0x0000000007780800 1421       1       com.android.dx.dex.code.form.Form10x::codeSize (2 bytes)
Event: 4.769 Thread 0x0000000007780800 nmethod 1421 0x000000000bdee010 code [0x000000000bdee160, 0x000000000bdee270]

GC Heap History (0 events):
No events

Deoptimization events (10 events):
Event: 4.055 Thread 0x0000000000c3e000 Uncommon trap: reason=bimorphic action=maybe_recompile pc=0x000000000bb60410 method=java.util.HashMap.getNode(ILjava/lang/Object;)Ljava/util/HashMap$Node; @ 126
Event: 4.055 Thread 0x0000000000c3e000 Uncommon trap: reason=bimorphic action=maybe_recompile pc=0x000000000bc0e160 method=java.util.HashMap.getNode(ILjava/lang/Object;)Ljava/util/HashMap$Node; @ 126
Event: 4.121 Thread 0x0000000000c3e000 Uncommon trap: reason=bimorphic action=maybe_recompile pc=0x000000000bd9ef78 method=java.util.HashMap.putVal(ILjava/lang/Object;Ljava/lang/Object;ZZ)Ljava/lang/Object; @ 203
Event: 4.121 Thread 0x0000000000c3e000 Uncommon trap: reason=bimorphic action=maybe_recompile pc=0x000000000bd9ef78 method=java.util.HashMap.putVal(ILjava/lang/Object;Ljava/lang/Object;ZZ)Ljava/lang/Object; @ 203
Event: 4.121 Thread 0x0000000000c3e000 Uncommon trap: reason=bimorphic action=maybe_recompile pc=0x000000000bd9ef78 method=java.util.HashMap.putVal(ILjava/lang/Object;Ljava/lang/Object;ZZ)Ljava/lang/Object; @ 203
Event: 4.121 Thread 0x0000000000c3e000 Uncommon trap: reason=bimorphic action=maybe_recompile pc=0x000000000bd9ef78 method=java.util.HashMap.putVal(ILjava/lang/Object;Ljava/lang/Object;ZZ)Ljava/lang/Object; @ 203
Event: 4.733 Thread 0x0000000000c3e000 Uncommon trap: reason=speculate_class_check action=maybe_recompile pc=0x000000000bc4e6c8 method=com.android.dx.util.FixedSizeList.equals(Ljava/lang/Object;)Z @ 25
Event: 4.733 Thread 0x0000000000c3e000 Uncommon trap: reason=speculate_class_check action=maybe_recompile pc=0x000000000bc4e6c8 method=com.android.dx.util.FixedSizeList.equals(Ljava/lang/Object;)Z @ 25
Event: 4.733 Thread 0x0000000000c3e000 Uncommon trap: reason=speculate_class_check action=maybe_recompile pc=0x000000000bc4e6c8 method=com.android.dx.util.FixedSizeList.equals(Ljava/lang/Object;)Z @ 25
Event: 4.736 Thread 0x0000000000c3e000 Uncommon trap: reason=speculate_class_check action=maybe_recompile pc=0x000000000bc4e6c8 method=com.android.dx.util.FixedSizeList.equals(Ljava/lang/Object;)Z @ 25

Internal exceptions (3 events):
Event: 0.127 Thread 0x0000000000c3e000 Exception <a 'java/lang/NoSuchMethodError': Method sun.misc.Unsafe.defineClass(Ljava/lang/String;[BII)Ljava/lang/Class; name or signature does not match> (0x00000000eab07c78) thrown at [C:\src\android\AOSP-openjdk\external\jetbrains\jdk\hotspot\src\share\vjøsLÀ?
Event: 0.127 Thread 0x0000000000c3e000 Exception <a 'java/lang/NoSuchMethodError': Method sun.misc.Unsafe.prefetchRead(Ljava/lang/Object;J)V name or signature does not match> (0x00000000eab07f60) thrown at [C:\src\android\AOSP-openjdk\external\jetbrains\jdk\hotspot\src\share\vm\prims\jni.cpp, l¾
™_y@
Event: 3.809 Thread 0x000000000793b000 Implicit null exception at 0x000000000bc65662 to 0x000000000bc6575a

Events (10 events):
Event: 4.733 Thread 0x0000000000c3e000 Uncommon trap: trap_request=0xffffff76 fr.pc=0x000000000bc4e6c8
Event: 4.733 Thread 0x0000000000c3e000 DEOPT PACKING pc=0x000000000bc4e6c8 sp=0x000000000275edc0
Event: 4.733 Thread 0x0000000000c3e000 DEOPT UNPACKING pc=0x000000000b8a556a sp=0x000000000275ed80 mode 2
Event: 4.733 loading class com/android/dx/dex/code/CatchTable$Entry
Event: 4.733 loading class com/android/dx/dex/code/CatchTable$Entry done
Event: 4.734 loading class com/android/dx/util/ByteArrayAnnotatedOutput
Event: 4.734 loading class com/android/dx/util/ByteArrayAnnotatedOutput done
Event: 4.736 Thread 0x0000000000c3e000 Uncommon trap: trap_request=0xffffff76 fr.pc=0x000000000bc4e6c8
Event: 4.736 Thread 0x0000000000c3e000 DEOPT PACKING pc=0x000000000bc4e6c8 sp=0x000000000275edc0
Event: 4.736 Thread 0x0000000000c3e000 DEOPT UNPACKING pc=0x000000000b8a556a sp=0x000000000275ed80 mode 2


Dynamic libraries:
0x00007ff69e6c0000 - 0x00007ff69e6f1000 	C:\Program Files\Android\Android Studio\jre\bin\java.exe
0x00007fff9d3d0000 - 0x00007fff9d57d000 	C:\Windows\SYSTEM32\ntdll.dll
0x00007fff9b2f0000 - 0x00007fff9b42e000 	C:\Windows\system32\KERNEL32.DLL
0x00007fff9a8b0000 - 0x00007fff9a9c5000 	C:\Windows\system32\KERNELBASE.dll
0x00007fff9cdc0000 - 0x00007fff9ce6a000 	C:\Windows\system32\ADVAPI32.dll
0x00007fff9cf30000 - 0x00007fff9d0a7000 	C:\Windows\system32\USER32.dll
0x00007fff98940000 - 0x00007fff98bba000 	C:\Windows\WinSxS\amd64_microsoft.windows.common-controls_6595b64144ccf1df_6.0.9600.17810_none_6240b9c7ecbd0bda\COMCTL32.dll
0x00007fff9d320000 - 0x00007fff9d3ca000 	C:\Windows\system32\msvcrt.dll
0x00007fff9b430000 - 0x00007fff9b489000 	C:\Windows\SYSTEM32\sechost.dll
0x00007fff9ad90000 - 0x00007fff9aed0000 	C:\Windows\system32\RPCRT4.dll
0x00007fff9ac40000 - 0x00007fff9ad8f000 	C:\Windows\system32\GDI32.dll
0x00007fff9aa20000 - 0x00007fff9aa4e000 	C:\Windows\system32\SspiCli.dll
0x00007fff9cd80000 - 0x00007fff9cdb6000 	C:\Windows\system32\IMM32.DLL
0x00007fff9afb0000 - 0x00007fff9b102000 	C:\Windows\system32\MSCTF.dll
0x000000005afb0000 - 0x000000005b01c000 	c:\program files (x86)\f-secure\hips\fshook64.dll
0x00007fff9aa50000 - 0x00007fff9aa57000 	C:\Windows\system32\PSAPI.DLL
0x0000000058840000 - 0x0000000058912000 	C:\Program Files\Android\Android Studio\jre\jre\bin\msvcr100.dll
0x0000000058be0000 - 0x000000005941c000 	C:\Program Files\Android\Android Studio\jre\jre\bin\server\jvm.dll
0x00007fff91f20000 - 0x00007fff91f29000 	C:\Windows\SYSTEM32\WSOCK32.dll
0x00007fff983b0000 - 0x00007fff983d2000 	C:\Windows\SYSTEM32\WINMM.dll
0x00007fff983e0000 - 0x00007fff983ea000 	C:\Windows\SYSTEM32\VERSION.dll
0x00007fff9ced0000 - 0x00007fff9cf2a000 	C:\Windows\system32\WS2_32.dll
0x00007fff97fe0000 - 0x00007fff9800a000 	C:\Windows\SYSTEM32\WINMMBASE.dll
0x00007fff9b490000 - 0x00007fff9b499000 	C:\Windows\system32\NSI.dll
0x00007fff9a9d0000 - 0x00007fff9aa1f000 	C:\Windows\SYSTEM32\cfgmgr32.dll
0x00007fff99320000 - 0x00007fff99348000 	C:\Windows\SYSTEM32\DEVOBJ.dll
0x00007fff8f460000 - 0x00007fff8f46f000 	C:\Program Files\Android\Android Studio\jre\jre\bin\verify.dll
0x00007fff87650000 - 0x00007fff87679000 	C:\Program Files\Android\Android Studio\jre\jre\bin\java.dll
0x00007fff8b9a0000 - 0x00007fff8b9b6000 	C:\Program Files\Android\Android Studio\jre\jre\bin\zip.dll
0x00007fff9b850000 - 0x00007fff9cd78000 	C:\Windows\system32\SHELL32.dll
0x00007fff9b4a0000 - 0x00007fff9b6b1000 	C:\Windows\SYSTEM32\combase.dll
0x00007fff9b6c0000 - 0x00007fff9b714000 	C:\Windows\system32\SHLWAPI.dll
0x00007fff99070000 - 0x00007fff99122000 	C:\Windows\SYSTEM32\SHCORE.dll
0x00007fff9a4f0000 - 0x00007fff9a505000 	C:\Windows\SYSTEM32\profapi.dll

VM Arguments:
jvm_args: -Djava.awt.headless=true -Xmx1024M -Dfile.encoding=windows-1252 -Duser.country=US -Duser.language=en -Duser.variant 
java_command: com.android.dx.command.Main --dex --num-threads=4 --output C:\Users\100487239\Desktop\INA-master\app\build\intermediates\pre-dexed\debug\internal_impl-24.2.1_6972454d5550d38e942f87a821ce4f8694e03a06.jar C:\Users\100487239\Desktop\INA-master\app\build\intermediates\exploded-aar\com.android.support\support-media-compat\24.2.1\jars\libs\internal_impl-24.2.1.jar
java_class_path (initial): C:\Users\100487239\AppData\Local\Android\sdk\build-tools\24.0.2\lib\dx.jar
Launcher Type: SUN_STANDARD

Environment Variables:
CLASSPATH=C:\Antlr\antlr-4.5.2-complete.jar
PATH=C:\Windows\system32;C:\Windows;C:\Windows\System32\Wbem;C:\Windows\System32\WindowsPowerShell\v1.0\;C:\Program Files (x86)\QuickTime\QTSystem\;c:\Program Files (x86)\Microsoft SQL Server\100\Tools\Binn\;c:\Program Files\Microsoft SQL Server\100\Tools\Binn\;c:\Program Files\Microsoft SQL Server\100\DTS\Binn\;C:\Program Files (x86)\Windows Kits\8.1\Windows Performance Toolkit\;C:\Program Files\Microsoft SQL Server\110\Tools\Binn\;C:\Program Files\Java\jdk1.8.0_45\bin;C:\Program Files\Microsoft\Web Platform Installer\;C:\Antlr;C:\MinGW\bin;C:\MinGW\lib;C:\MinGW\include;C:\Program Files\Git\cmd;C:\Program Files\nodejs\;C:\Program Files (x86)\Apache Software Foundation\PHP;C:\ProgramData\ComposerSetup\bin;C:\Program Files\MATLAB\R2016a\runtime\win64;C:\Program Files\MATLAB\R2016a\bin;C:\Program Files (x86)\Skype\Phone\;C:\MinGW\bin;C:\MinGW\include;C:\Program Files\Heroku\bin;C:\Users\100487239\AppData\Local\atom\bin;C:\Users\100487239\AppData\Roaming\npm;C:\Users\100487239\AppData\Roaming\Composer\vendor\bin;C:\Users\100487239\AppData\Local\Google\Cloud SDK\google-cloud-sdk\bin
USERNAME=100487239
OS=Windows_NT
PROCESSOR_IDENTIFIER=Intel64 Family 6 Model 61 Stepping 4, GenuineIntel



---------------  S Y S T E M  ---------------

OS: Windows 8.1 , 64 bit Build 9600 (6.3.9600.17415)

CPU:total 4 (2 cores per cpu, 2 threads per core) family 6 model 61 stepping 4, cmov, cx8, fxsr, mmx, sse, sse2, sse3, ssse3, sse4.1, sse4.2, popcnt, avx, avx2, aes, clmul, erms, rtm, 3dnowpref, lzcnt, ht, tsc, tscinvbit, bmi1, bmi2, adx

Memory: 4k page, physical 8274232k(1004472k free), swap 11419960k(176848k free)

vm_info: OpenJDK 64-Bit Server VM (25.112-b06) for windows-amd64 JRE (1.8.0_112-release-b06), built on Dec  8 2016 00:54:26 by "builder" with MS VC++ 10.0 (VS2010)

time: Mon Apr 03 01:25:55 2017
elapsed time: 5 seconds (0d 0h 0m 5s)

